<?xml version="1.0" encoding="UTF-8"?>
<robot generator="Robot 6.0.2 (Python 3.10.0 on darwin)" generated="20230501 19:44:11.524" rpa="false" schemaversion="3">
<suite id="s1" name="RobotFramework" source="/Users/chandrashekharsingh/Documents/RobotFramework_workSpace/RobotFramework">
<suite id="s1-s1" name="Tests" source="/Users/chandrashekharsingh/Documents/RobotFramework_workSpace/RobotFramework/tests">
<suite id="s1-s1-s1" name="testDemo1" source="/Users/chandrashekharsingh/Documents/RobotFramework_workSpace/RobotFramework/tests/testDemo1.robot">
<test id="s1-s1-s1-t1" name="Validate UnSuccesful Login" line="12">
<kw name="open the browser with the Mortgage payment url">
<kw name="Create Webdriver" library="SeleniumLibrary">
<arg>Chrome</arg>
<arg>executable_path=/Users/chandrashekharsingh/Documents/chromedriver</arg>
<doc>Creates an instance of Selenium WebDriver.</doc>
<msg timestamp="20230501 19:44:12.879" level="INFO">Creating an instance of the Chrome WebDriver.</msg>
<status status="PASS" starttime="20230501 19:44:12.879" endtime="20230501 19:44:17.192"/>
</kw>
<kw name="Go To" library="SeleniumLibrary">
<arg>https://rahulshettyacademy.com/loginpagePractise/</arg>
<doc>Navigates the current browser window to the provided ``url``.</doc>
<msg timestamp="20230501 19:44:17.194" level="INFO">Opening url 'https://rahulshettyacademy.com/loginpagePractise/'</msg>
<status status="PASS" starttime="20230501 19:44:17.193" endtime="20230501 19:44:18.403"/>
</kw>
<status status="PASS" starttime="20230501 19:44:12.878" endtime="20230501 19:44:18.404"/>
</kw>
<kw name="Fill the login Form">
<kw name="Input Text" library="SeleniumLibrary">
<arg>id:username</arg>
<arg>rahulshettyacademy</arg>
<doc>Types the given ``text`` into the text field identified by ``locator``.</doc>
<msg timestamp="20230501 19:44:18.407" level="INFO">Typing text 'rahulshettyacademy' into text field 'id:username'.</msg>
<status status="PASS" starttime="20230501 19:44:18.405" endtime="20230501 19:44:18.712"/>
</kw>
<kw name="Input Password" library="SeleniumLibrary">
<arg>id:password</arg>
<arg>12345678</arg>
<doc>Types the given password into the text field identified by ``locator``.</doc>
<msg timestamp="20230501 19:44:18.713" level="INFO">Typing password into text field 'id:password'.</msg>
<msg timestamp="20230501 19:44:18.820" level="INFO">Temporally setting log level to: NONE</msg>
<msg timestamp="20230501 19:44:18.903" level="INFO">Log level changed from NONE to INFO.</msg>
<status status="PASS" starttime="20230501 19:44:18.712" endtime="20230501 19:44:18.904"/>
</kw>
<kw name="Click Button" library="SeleniumLibrary">
<arg>signInBtn</arg>
<doc>Clicks the button identified by ``locator``.</doc>
<msg timestamp="20230501 19:44:18.906" level="INFO">Clicking button 'signInBtn'.</msg>
<status status="PASS" starttime="20230501 19:44:18.904" endtime="20230501 19:44:19.136"/>
</kw>
<status status="PASS" starttime="20230501 19:44:18.404" endtime="20230501 19:44:19.136"/>
</kw>
<kw name="wait until it checks and display error message">
<kw name="Wait Until Element Is Visible" library="SeleniumLibrary">
<arg>${Error_Message_Login}</arg>
<doc>Waits until the element ``locator`` is visible.</doc>
<status status="PASS" starttime="20230501 19:44:19.139" endtime="20230501 19:44:21.244"/>
</kw>
<status status="PASS" starttime="20230501 19:44:19.137" endtime="20230501 19:44:21.244"/>
</kw>
<kw name="verify error message is correct">
<msg timestamp="20230501 19:44:21.245" level="FAIL">User keyword 'verify error message is correct' contains no keywords.</msg>
<status status="FAIL" starttime="20230501 19:44:21.244" endtime="20230501 19:44:21.245"/>
</kw>
<doc>Validate Unsuccesful Login</doc>
<status status="FAIL" starttime="20230501 19:44:12.877" endtime="20230501 19:44:21.246">User keyword 'verify error message is correct' contains no keywords.</status>
</test>
<doc>To validate the Login form</doc>
<status status="FAIL" starttime="20230501 19:44:11.620" endtime="20230501 19:44:21.247"/>
</suite>
<suite id="s1-s1-s2" name="testDemo2" source="/Users/chandrashekharsingh/Documents/RobotFramework_workSpace/RobotFramework/tests/testDemo2.robot">
<test id="s1-s1-s2-t1" name="Validate UnSuccesful Login" line="21">
<kw name="open the browser with the Mortgage payment url" library="Generic" type="SETUP">
<kw name="Create Webdriver" library="SeleniumLibrary">
<arg>Chrome</arg>
<arg>executable_path=/Users/chandrashekharsingh/Documents/chromedriver</arg>
<doc>Creates an instance of Selenium WebDriver.</doc>
<msg timestamp="20230501 19:44:21.278" level="INFO">Creating an instance of the Chrome WebDriver.</msg>
<status status="PASS" starttime="20230501 19:44:21.277" endtime="20230501 19:44:23.994"/>
</kw>
<kw name="Go To" library="SeleniumLibrary">
<arg>${url}</arg>
<doc>Navigates the current browser window to the provided ``url``.</doc>
<msg timestamp="20230501 19:44:23.996" level="INFO">Opening url 'https://rahulshettyacademy.com/loginpagePractise/'</msg>
<status status="PASS" starttime="20230501 19:44:23.995" endtime="20230501 19:44:26.018"/>
</kw>
<status status="PASS" starttime="20230501 19:44:21.277" endtime="20230501 19:44:26.018"/>
</kw>
<kw name="Fill the login Form">
<arg>${user_name}</arg>
<arg>${invalid_password}</arg>
<kw name="Input Text" library="SeleniumLibrary">
<arg>id:username</arg>
<arg>${username}</arg>
<doc>Types the given ``text`` into the text field identified by ``locator``.</doc>
<msg timestamp="20230501 19:44:26.021" level="INFO">Typing text 'rahulshettyacademy' into text field 'id:username'.</msg>
<status status="PASS" starttime="20230501 19:44:26.020" endtime="20230501 19:44:26.315"/>
</kw>
<kw name="Input Password" library="SeleniumLibrary">
<arg>id:password</arg>
<arg>${password}</arg>
<doc>Types the given password into the text field identified by ``locator``.</doc>
<msg timestamp="20230501 19:44:26.316" level="INFO">Typing password into text field 'id:password'.</msg>
<msg timestamp="20230501 19:44:26.366" level="INFO">Temporally setting log level to: NONE</msg>
<msg timestamp="20230501 19:44:26.426" level="INFO">Log level changed from NONE to INFO.</msg>
<status status="PASS" starttime="20230501 19:44:26.316" endtime="20230501 19:44:26.426"/>
</kw>
<kw name="Click Button" library="SeleniumLibrary">
<arg>signInBtn</arg>
<doc>Clicks the button identified by ``locator``.</doc>
<msg timestamp="20230501 19:44:26.427" level="INFO">Clicking button 'signInBtn'.</msg>
<status status="PASS" starttime="20230501 19:44:26.427" endtime="20230501 19:44:26.514"/>
</kw>
<status status="PASS" starttime="20230501 19:44:26.019" endtime="20230501 19:44:26.514"/>
</kw>
<kw name="wait until Element is located in the page">
<arg>${Error_Message_Login}</arg>
<kw name="Wait Until Element Is Visible" library="SeleniumLibrary">
<arg>${element}</arg>
<doc>Waits until the element ``locator`` is visible.</doc>
<status status="PASS" starttime="20230501 19:44:26.515" endtime="20230501 19:44:29.491"/>
</kw>
<status status="PASS" starttime="20230501 19:44:26.515" endtime="20230501 19:44:29.491"/>
</kw>
<kw name="verify error message is correct">
<msg timestamp="20230501 19:44:29.491" level="FAIL">User keyword 'verify error message is correct' contains no keywords.</msg>
<status status="FAIL" starttime="20230501 19:44:29.491" endtime="20230501 19:44:29.491"/>
</kw>
<kw name="Close Browser session" library="Generic" type="TEARDOWN">
<kw name="Close Browser" library="SeleniumLibrary">
<doc>Closes the current browser.</doc>
<status status="PASS" starttime="20230501 19:44:29.492" endtime="20230501 19:44:29.627"/>
</kw>
<status status="PASS" starttime="20230501 19:44:29.492" endtime="20230501 19:44:29.627"/>
</kw>
<tag>SMOKE</tag>
<status status="FAIL" starttime="20230501 19:44:21.276" endtime="20230501 19:44:29.627">User keyword 'verify error message is correct' contains no keywords.</status>
</test>
<test id="s1-s1-s2-t2" name="Validate Cards display in the Shopping Page" line="27">
<kw name="open the browser with the Mortgage payment url" library="Generic" type="SETUP">
<kw name="Create Webdriver" library="SeleniumLibrary">
<arg>Chrome</arg>
<arg>executable_path=/Users/chandrashekharsingh/Documents/chromedriver</arg>
<doc>Creates an instance of Selenium WebDriver.</doc>
<msg timestamp="20230501 19:44:29.630" level="INFO">Creating an instance of the Chrome WebDriver.</msg>
<status status="PASS" starttime="20230501 19:44:29.629" endtime="20230501 19:44:32.089"/>
</kw>
<kw name="Go To" library="SeleniumLibrary">
<arg>${url}</arg>
<doc>Navigates the current browser window to the provided ``url``.</doc>
<msg timestamp="20230501 19:44:32.091" level="INFO">Opening url 'https://rahulshettyacademy.com/loginpagePractise/'</msg>
<status status="PASS" starttime="20230501 19:44:32.090" endtime="20230501 19:44:33.122"/>
</kw>
<status status="PASS" starttime="20230501 19:44:29.629" endtime="20230501 19:44:33.122"/>
</kw>
<kw name="Fill the login Form">
<arg>${user_name}</arg>
<arg>${valid_password}</arg>
<kw name="Input Text" library="SeleniumLibrary">
<arg>id:username</arg>
<arg>${username}</arg>
<doc>Types the given ``text`` into the text field identified by ``locator``.</doc>
<msg timestamp="20230501 19:44:33.126" level="INFO">Typing text 'rahulshettyacademy' into text field 'id:username'.</msg>
<status status="PASS" starttime="20230501 19:44:33.124" endtime="20230501 19:44:33.536"/>
</kw>
<kw name="Input Password" library="SeleniumLibrary">
<arg>id:password</arg>
<arg>${password}</arg>
<doc>Types the given password into the text field identified by ``locator``.</doc>
<msg timestamp="20230501 19:44:33.538" level="INFO">Typing password into text field 'id:password'.</msg>
<msg timestamp="20230501 19:44:33.637" level="INFO">Temporally setting log level to: NONE</msg>
<msg timestamp="20230501 19:44:33.761" level="INFO">Log level changed from NONE to INFO.</msg>
<status status="PASS" starttime="20230501 19:44:33.536" endtime="20230501 19:44:33.762"/>
</kw>
<kw name="Click Button" library="SeleniumLibrary">
<arg>signInBtn</arg>
<doc>Clicks the button identified by ``locator``.</doc>
<msg timestamp="20230501 19:44:33.763" level="INFO">Clicking button 'signInBtn'.</msg>
<status status="PASS" starttime="20230501 19:44:33.762" endtime="20230501 19:44:33.889"/>
</kw>
<status status="PASS" starttime="20230501 19:44:33.123" endtime="20230501 19:44:33.890"/>
</kw>
<kw name="wait until Element is located in the page">
<arg>${Shop_page_load}</arg>
<kw name="Wait Until Element Is Visible" library="SeleniumLibrary">
<arg>${element}</arg>
<doc>Waits until the element ``locator`` is visible.</doc>
<status status="PASS" starttime="20230501 19:44:33.891" endtime="20230501 19:44:38.651"/>
</kw>
<status status="PASS" starttime="20230501 19:44:33.890" endtime="20230501 19:44:38.651"/>
</kw>
<kw name="Verify Card titles in the Shop page">
<msg timestamp="20230501 19:44:38.652" level="FAIL">User keyword 'Verify Card titles in the Shop page' contains no keywords.</msg>
<status status="FAIL" starttime="20230501 19:44:38.651" endtime="20230501 19:44:38.652"/>
</kw>
<kw name="Select the Card">
<arg>Nokia Edge</arg>
<status status="NOT RUN" starttime="20230501 19:44:38.652" endtime="20230501 19:44:38.652"/>
</kw>
<kw name="Close Browser session" library="Generic" type="TEARDOWN">
<kw name="Close Browser" library="SeleniumLibrary">
<doc>Closes the current browser.</doc>
<status status="PASS" starttime="20230501 19:44:38.653" endtime="20230501 19:44:38.766"/>
</kw>
<status status="PASS" starttime="20230501 19:44:38.653" endtime="20230501 19:44:38.768"/>
</kw>
<status status="FAIL" starttime="20230501 19:44:29.628" endtime="20230501 19:44:38.768">User keyword 'Verify Card titles in the Shop page' contains no keywords.</status>
</test>
<test id="s1-s1-s2-t3" name="Select the Form and navigate to Child window" line="33">
<kw name="open the browser with the Mortgage payment url" library="Generic" type="SETUP">
<kw name="Create Webdriver" library="SeleniumLibrary">
<arg>Chrome</arg>
<arg>executable_path=/Users/chandrashekharsingh/Documents/chromedriver</arg>
<doc>Creates an instance of Selenium WebDriver.</doc>
<msg timestamp="20230501 19:44:38.778" level="INFO">Creating an instance of the Chrome WebDriver.</msg>
<status status="PASS" starttime="20230501 19:44:38.777" endtime="20230501 19:44:41.194"/>
</kw>
<kw name="Go To" library="SeleniumLibrary">
<arg>${url}</arg>
<doc>Navigates the current browser window to the provided ``url``.</doc>
<msg timestamp="20230501 19:44:41.196" level="INFO">Opening url 'https://rahulshettyacademy.com/loginpagePractise/'</msg>
<status status="PASS" starttime="20230501 19:44:41.194" endtime="20230501 19:44:42.000"/>
</kw>
<status status="PASS" starttime="20230501 19:44:38.775" endtime="20230501 19:44:42.000"/>
</kw>
<kw name="Fill the Login Details and Login Form">
<kw name="Input Text" library="SeleniumLibrary">
<arg>id:username</arg>
<arg>rahulshettyacademy</arg>
<doc>Types the given ``text`` into the text field identified by ``locator``.</doc>
<msg timestamp="20230501 19:44:42.004" level="INFO">Typing text 'rahulshettyacademy' into text field 'id:username'.</msg>
<status status="PASS" starttime="20230501 19:44:42.002" endtime="20230501 19:44:42.205"/>
</kw>
<kw name="Input Password" library="SeleniumLibrary">
<arg>id:password</arg>
<arg>learning</arg>
<doc>Types the given password into the text field identified by ``locator``.</doc>
<msg timestamp="20230501 19:44:42.206" level="INFO">Typing password into text field 'id:password'.</msg>
<msg timestamp="20230501 19:44:42.261" level="INFO">Temporally setting log level to: NONE</msg>
<msg timestamp="20230501 19:44:42.324" level="INFO">Log level changed from NONE to INFO.</msg>
<status status="PASS" starttime="20230501 19:44:42.206" endtime="20230501 19:44:42.325"/>
</kw>
<kw name="Click Element" library="SeleniumLibrary">
<arg>css:input[value='user']</arg>
<doc>Click the element identified by ``locator``.</doc>
<msg timestamp="20230501 19:44:42.326" level="INFO">Clicking element 'css:input[value='user']'.</msg>
<status status="PASS" starttime="20230501 19:44:42.325" endtime="20230501 19:44:42.397"/>
</kw>
<kw name="Wait Until Element Is Visible" library="SeleniumLibrary">
<arg>css:.modal-body</arg>
<doc>Waits until the element ``locator`` is visible.</doc>
<status status="PASS" starttime="20230501 19:44:42.397" endtime="20230501 19:44:42.674"/>
</kw>
<kw name="Click Button" library="SeleniumLibrary">
<arg>id:okayBtn</arg>
<doc>Clicks the button identified by ``locator``.</doc>
<msg timestamp="20230501 19:44:42.674" level="INFO">Clicking button 'id:okayBtn'.</msg>
<status status="PASS" starttime="20230501 19:44:42.674" endtime="20230501 19:44:42.752"/>
</kw>
<kw name="Click Button" library="SeleniumLibrary">
<arg>id:okayBtn</arg>
<doc>Clicks the button identified by ``locator``.</doc>
<msg timestamp="20230501 19:44:42.753" level="INFO">Clicking button 'id:okayBtn'.</msg>
<status status="PASS" starttime="20230501 19:44:42.752" endtime="20230501 19:44:42.804"/>
</kw>
<kw name="Wait Until Element Is Not Visible css:.modal-body">
<msg timestamp="20230501 19:44:42.811" level="FAIL">No keyword with name 'Wait Until Element Is Not Visible css:.modal-body' found.</msg>
<status status="FAIL" starttime="20230501 19:44:42.811" endtime="20230501 19:44:42.811"/>
</kw>
<kw name="Select From List By Value" library="SeleniumLibrary">
<arg>css:select.form-control</arg>
<arg>teach</arg>
<doc>Selects options from selection list ``locator`` by ``values``.</doc>
<status status="NOT RUN" starttime="20230501 19:44:42.811" endtime="20230501 19:44:42.811"/>
</kw>
<kw name="Select Checkbox" library="SeleniumLibrary">
<arg>terms</arg>
<doc>Selects the checkbox identified by ``locator``.</doc>
<status status="NOT RUN" starttime="20230501 19:44:42.811" endtime="20230501 19:44:42.811"/>
</kw>
<kw name="Checkbox Should Be Selected" library="SeleniumLibrary">
<arg>terms</arg>
<doc>Verifies checkbox ``locator`` is selected/checked.</doc>
<status status="NOT RUN" starttime="20230501 19:44:42.811" endtime="20230501 19:44:42.811"/>
</kw>
<status status="FAIL" starttime="20230501 19:44:42.001" endtime="20230501 19:44:42.812"/>
</kw>
<kw name="Close Browser session" library="Generic" type="TEARDOWN">
<kw name="Close Browser" library="SeleniumLibrary">
<doc>Closes the current browser.</doc>
<status status="PASS" starttime="20230501 19:44:42.813" endtime="20230501 19:44:42.954"/>
</kw>
<status status="PASS" starttime="20230501 19:44:42.812" endtime="20230501 19:44:42.955"/>
</kw>
<status status="FAIL" starttime="20230501 19:44:38.771" endtime="20230501 19:44:42.955">No keyword with name 'Wait Until Element Is Not Visible css:.modal-body' found.</status>
</test>
<doc>To validate the Login form</doc>
<status status="FAIL" starttime="20230501 19:44:21.250" endtime="20230501 19:44:42.958"/>
</suite>
<suite id="s1-s1-s3" name="testDemo3" source="/Users/chandrashekharsingh/Documents/RobotFramework_workSpace/RobotFramework/tests/testDemo3.robot">
<test id="s1-s1-s3-t1" name="Validate Child window Functionality" line="17">
<kw name="open the browser with the Mortgage payment url" library="Generic" type="SETUP">
<kw name="Create Webdriver" library="SeleniumLibrary">
<arg>Chrome</arg>
<arg>executable_path=/Users/chandrashekharsingh/Documents/chromedriver</arg>
<doc>Creates an instance of Selenium WebDriver.</doc>
<msg timestamp="20230501 19:44:42.992" level="INFO">Creating an instance of the Chrome WebDriver.</msg>
<status status="PASS" starttime="20230501 19:44:42.991" endtime="20230501 19:44:45.130"/>
</kw>
<kw name="Go To" library="SeleniumLibrary">
<arg>${url}</arg>
<doc>Navigates the current browser window to the provided ``url``.</doc>
<msg timestamp="20230501 19:44:45.132" level="INFO">Opening url 'https://rahulshettyacademy.com/loginpagePractise/'</msg>
<status status="PASS" starttime="20230501 19:44:45.131" endtime="20230501 19:44:46.005"/>
</kw>
<status status="PASS" starttime="20230501 19:44:42.991" endtime="20230501 19:44:46.006"/>
</kw>
<kw name="Select the link of Child window">
<kw name="Click Element" library="SeleniumLibrary">
<arg>css:.blinkingText</arg>
<doc>Click the element identified by ``locator``.</doc>
<msg timestamp="20230501 19:44:46.009" level="INFO">Clicking element 'css:.blinkingText'.</msg>
<status status="PASS" starttime="20230501 19:44:46.007" endtime="20230501 19:44:46.163"/>
</kw>
<kw name="Sleep" library="BuiltIn">
<arg>5</arg>
<doc>Pauses the test executed for the given time.</doc>
<msg timestamp="20230501 19:44:51.164" level="INFO">Slept 5 seconds</msg>
<status status="PASS" starttime="20230501 19:44:46.163" endtime="20230501 19:44:51.164"/>
</kw>
<status status="PASS" starttime="20230501 19:44:46.006" endtime="20230501 19:44:51.165"/>
</kw>
<kw name="Verify the user is Switched to Child window">
<kw name="Switch Window" library="SeleniumLibrary">
<arg>NEW</arg>
<doc>Switches to browser window matching ``locator``.</doc>
<status status="PASS" starttime="20230501 19:44:51.166" endtime="20230501 19:44:51.354"/>
</kw>
<kw name="Element Text Should Be" library="SeleniumLibrary">
<arg>css:h1</arg>
<arg>DOCUMENTS REQUEST</arg>
<doc>Verifies that element ``locator`` contains exact the text ``expected``.</doc>
<msg timestamp="20230501 19:44:51.355" level="INFO">Verifying element 'css:h1' contains exact text 'DOCUMENTS REQUEST'.</msg>
<status status="PASS" starttime="20230501 19:44:51.354" endtime="20230501 19:44:51.437"/>
</kw>
<status status="PASS" starttime="20230501 19:44:51.165" endtime="20230501 19:44:51.437"/>
</kw>
<kw name="Grab the Email id in the Child Window">
<kw name="Get Text" library="SeleniumLibrary">
<var>${text}</var>
<arg>css:.red</arg>
<doc>Returns the text value of the element identified by ``locator``.</doc>
<msg timestamp="20230501 19:44:51.474" level="INFO">${text} = Please email us at mentor@rahulshettyacademy.com with below template to receive response</msg>
<status status="PASS" starttime="20230501 19:44:51.438" endtime="20230501 19:44:51.474"/>
</kw>
<kw name="Split String" library="String">
<var>@{words}</var>
<arg>${text}</arg>
<arg>at</arg>
<doc>Splits the ``string`` using ``separator`` as a delimiter string.</doc>
<msg timestamp="20230501 19:44:51.475" level="INFO">@{words} = [ Please email us  |  mentor@rahulshettyacademy.com with below templ | e to receive response ]</msg>
<status status="PASS" starttime="20230501 19:44:51.474" endtime="20230501 19:44:51.475"/>
</kw>
<kw name="Get From List" library="Collections">
<var>${text_split}</var>
<arg>${words}</arg>
<arg>1</arg>
<doc>Returns the value specified with an ``index`` from ``list``.</doc>
<msg timestamp="20230501 19:44:51.475" level="INFO">${text_split} =  mentor@rahulshettyacademy.com with below templ</msg>
<status status="PASS" starttime="20230501 19:44:51.475" endtime="20230501 19:44:51.475"/>
</kw>
<kw name="Log" library="BuiltIn">
<arg>${text_split}</arg>
<doc>Logs the given message with the given level.</doc>
<msg timestamp="20230501 19:44:51.476" level="INFO"> mentor@rahulshettyacademy.com with below templ</msg>
<status status="PASS" starttime="20230501 19:44:51.476" endtime="20230501 19:44:51.476"/>
</kw>
<kw name="Split String" library="String">
<var>@{words_2}</var>
<arg>${text_split}</arg>
<doc>Splits the ``string`` using ``separator`` as a delimiter string.</doc>
<msg timestamp="20230501 19:44:51.477" level="INFO">@{words_2} = [ mentor@rahulshettyacademy.com | with | below | templ ]</msg>
<status status="PASS" starttime="20230501 19:44:51.476" endtime="20230501 19:44:51.477"/>
</kw>
<kw name="Get From List" library="Collections">
<var>${email}</var>
<arg>${words_2}</arg>
<arg>0</arg>
<doc>Returns the value specified with an ``index`` from ``list``.</doc>
<msg timestamp="20230501 19:44:51.478" level="INFO">${email} = mentor@rahulshettyacademy.com</msg>
<status status="PASS" starttime="20230501 19:44:51.478" endtime="20230501 19:44:51.478"/>
</kw>
<kw name="Set Global Variable" library="BuiltIn">
<arg>${email}</arg>
<doc>Makes a variable available globally in all tests and suites.</doc>
<msg timestamp="20230501 19:44:51.479" level="INFO">${email} = mentor@rahulshettyacademy.com</msg>
<status status="PASS" starttime="20230501 19:44:51.478" endtime="20230501 19:44:51.479"/>
</kw>
<status status="PASS" starttime="20230501 19:44:51.438" endtime="20230501 19:44:51.479"/>
</kw>
<kw name="Switch to Parent window and enter the Email">
<kw name="Switch Window" library="SeleniumLibrary">
<arg>MAIN</arg>
<doc>Switches to browser window matching ``locator``.</doc>
<status status="PASS" starttime="20230501 19:44:51.480" endtime="20230501 19:44:51.501"/>
</kw>
<kw name="Title Should Be" library="SeleniumLibrary">
<arg>LoginPage Practise | Rahul Shetty Academy</arg>
<doc>Verifies that the current page title equals ``title``.</doc>
<msg timestamp="20230501 19:44:51.510" level="INFO">Page title is 'LoginPage Practise | Rahul Shetty Academy'.</msg>
<status status="PASS" starttime="20230501 19:44:51.501" endtime="20230501 19:44:51.510"/>
</kw>
<kw name="Input Text" library="SeleniumLibrary">
<arg>id:username</arg>
<arg>${email}</arg>
<doc>Types the given ``text`` into the text field identified by ``locator``.</doc>
<msg timestamp="20230501 19:44:51.511" level="INFO">Typing text 'mentor@rahulshettyacademy.com' into text field 'id:username'.</msg>
<status status="PASS" starttime="20230501 19:44:51.510" endtime="20230501 19:44:51.694"/>
</kw>
<status status="PASS" starttime="20230501 19:44:51.480" endtime="20230501 19:44:51.694"/>
</kw>
<kw name="Close Browser" library="SeleniumLibrary" type="TEARDOWN">
<doc>Closes the current browser.</doc>
<status status="PASS" starttime="20230501 19:44:51.695" endtime="20230501 19:44:51.839"/>
</kw>
<tag>NEWFEATURE</tag>
<status status="PASS" starttime="20230501 19:44:42.990" endtime="20230501 19:44:51.840"/>
</test>
<doc>To validate the Login form</doc>
<status status="PASS" starttime="20230501 19:44:42.962" endtime="20230501 19:44:51.841"/>
</suite>
<suite id="s1-s1-s4" name="testDemo4" source="/Users/chandrashekharsingh/Documents/RobotFramework_workSpace/RobotFramework/tests/testDemo4.robot">
<test id="s1-s1-s4-t1" name="Invalid username" line="14">
<kw name="Validate UnSuccesful Login">
<arg>dsahed</arg>
<arg>learning</arg>
<kw name="open the browser with the Mortgage payment url">
<kw name="Create Webdriver" library="SeleniumLibrary">
<arg>Chrome</arg>
<arg>executable_path=/Users/rahulshetty/Documents/chromedriver</arg>
<doc>Creates an instance of Selenium WebDriver.</doc>
<msg timestamp="20230501 19:44:51.858" level="INFO">Creating an instance of the Chrome WebDriver.</msg>
<status status="PASS" starttime="20230501 19:44:51.858" endtime="20230501 19:44:54.096"/>
</kw>
<kw name="Go To" library="SeleniumLibrary">
<arg>https://rahulshettyacademy.com/loginpagePractise/</arg>
<doc>Navigates the current browser window to the provided ``url``.</doc>
<msg timestamp="20230501 19:44:54.098" level="INFO">Opening url 'https://rahulshettyacademy.com/loginpagePractise/'</msg>
<status status="PASS" starttime="20230501 19:44:54.097" endtime="20230501 19:44:54.962"/>
</kw>
<status status="PASS" starttime="20230501 19:44:51.857" endtime="20230501 19:44:54.962"/>
</kw>
<kw name="Fill the login Form">
<arg>${username}</arg>
<arg>${password}</arg>
<kw name="Input Text" library="SeleniumLibrary">
<arg>id:username</arg>
<arg>${username}</arg>
<doc>Types the given ``text`` into the text field identified by ``locator``.</doc>
<msg timestamp="20230501 19:44:54.965" level="INFO">Typing text 'dsahed' into text field 'id:username'.</msg>
<status status="PASS" starttime="20230501 19:44:54.963" endtime="20230501 19:44:55.168"/>
</kw>
<kw name="Input Password" library="SeleniumLibrary">
<arg>id:password</arg>
<arg>${password}</arg>
<doc>Types the given password into the text field identified by ``locator``.</doc>
<msg timestamp="20230501 19:44:55.171" level="INFO">Typing password into text field 'id:password'.</msg>
<msg timestamp="20230501 19:44:55.330" level="INFO">Temporally setting log level to: NONE</msg>
<msg timestamp="20230501 19:44:55.426" level="INFO">Log level changed from NONE to INFO.</msg>
<status status="PASS" starttime="20230501 19:44:55.168" endtime="20230501 19:44:55.426"/>
</kw>
<kw name="Click Button" library="SeleniumLibrary">
<arg>signInBtn</arg>
<doc>Clicks the button identified by ``locator``.</doc>
<msg timestamp="20230501 19:44:55.428" level="INFO">Clicking button 'signInBtn'.</msg>
<status status="PASS" starttime="20230501 19:44:55.427" endtime="20230501 19:44:55.635"/>
</kw>
<status status="PASS" starttime="20230501 19:44:54.962" endtime="20230501 19:44:55.635"/>
</kw>
<kw name="wait until it checks and display error message">
<kw name="Wait Until Element Is Visible" library="SeleniumLibrary">
<arg>${Error_Message_Login}</arg>
<doc>Waits until the element ``locator`` is visible.</doc>
<status status="PASS" starttime="20230501 19:44:55.636" endtime="20230501 19:44:58.640"/>
</kw>
<status status="PASS" starttime="20230501 19:44:55.636" endtime="20230501 19:44:58.640"/>
</kw>
<kw name="verify error message is correct">
<kw name="Get Text" library="SeleniumLibrary">
<var>${result}</var>
<arg>${Error_Message_Login}</arg>
<doc>Returns the text value of the element identified by ``locator``.</doc>
<msg timestamp="20230501 19:44:58.662" level="INFO">${result} = Incorrect username/password.</msg>
<status status="PASS" starttime="20230501 19:44:58.640" endtime="20230501 19:44:58.662"/>
</kw>
<kw name="Should Be Equal As Strings" library="BuiltIn">
<arg>${result}</arg>
<arg>Incorrect username/password.</arg>
<doc>Fails if objects are unequal after converting them to strings.</doc>
<status status="PASS" starttime="20230501 19:44:58.662" endtime="20230501 19:44:58.662"/>
</kw>
<kw name="Element Text Should Be" library="SeleniumLibrary">
<arg>${Error_Message_Login}</arg>
<arg>Incorrect username/password.</arg>
<doc>Verifies that element ``locator`` contains exact the text ``expected``.</doc>
<msg timestamp="20230501 19:44:58.663" level="INFO">Verifying element 'css:.alert-danger' contains exact text 'Incorrect username/password.'.</msg>
<status status="PASS" starttime="20230501 19:44:58.662" endtime="20230501 19:44:58.678"/>
</kw>
<status status="PASS" starttime="20230501 19:44:58.640" endtime="20230501 19:44:58.678"/>
</kw>
<status status="PASS" starttime="20230501 19:44:51.856" endtime="20230501 19:44:58.678"/>
</kw>
<kw name="Close Browser" library="SeleniumLibrary" type="TEARDOWN">
<doc>Closes the current browser.</doc>
<status status="PASS" starttime="20230501 19:44:58.679" endtime="20230501 19:44:58.815"/>
</kw>
<status status="PASS" starttime="20230501 19:44:51.855" endtime="20230501 19:44:58.816"/>
</test>
<test id="s1-s1-s4-t2" name="Invalid password" line="15">
<kw name="Validate UnSuccesful Login">
<arg>rahulshetty</arg>
<arg>ploudfg</arg>
<kw name="open the browser with the Mortgage payment url">
<kw name="Create Webdriver" library="SeleniumLibrary">
<arg>Chrome</arg>
<arg>executable_path=/Users/rahulshetty/Documents/chromedriver</arg>
<doc>Creates an instance of Selenium WebDriver.</doc>
<msg timestamp="20230501 19:44:58.820" level="INFO">Creating an instance of the Chrome WebDriver.</msg>
<status status="PASS" starttime="20230501 19:44:58.819" endtime="20230501 19:45:00.832"/>
</kw>
<kw name="Go To" library="SeleniumLibrary">
<arg>https://rahulshettyacademy.com/loginpagePractise/</arg>
<doc>Navigates the current browser window to the provided ``url``.</doc>
<msg timestamp="20230501 19:45:00.833" level="INFO">Opening url 'https://rahulshettyacademy.com/loginpagePractise/'</msg>
<status status="PASS" starttime="20230501 19:45:00.833" endtime="20230501 19:45:01.681"/>
</kw>
<status status="PASS" starttime="20230501 19:44:58.819" endtime="20230501 19:45:01.681"/>
</kw>
<kw name="Fill the login Form">
<arg>${username}</arg>
<arg>${password}</arg>
<kw name="Input Text" library="SeleniumLibrary">
<arg>id:username</arg>
<arg>${username}</arg>
<doc>Types the given ``text`` into the text field identified by ``locator``.</doc>
<msg timestamp="20230501 19:45:01.684" level="INFO">Typing text 'rahulshetty' into text field 'id:username'.</msg>
<status status="PASS" starttime="20230501 19:45:01.682" endtime="20230501 19:45:01.898"/>
</kw>
<kw name="Input Password" library="SeleniumLibrary">
<arg>id:password</arg>
<arg>${password}</arg>
<doc>Types the given password into the text field identified by ``locator``.</doc>
<msg timestamp="20230501 19:45:01.899" level="INFO">Typing password into text field 'id:password'.</msg>
<msg timestamp="20230501 19:45:01.956" level="INFO">Temporally setting log level to: NONE</msg>
<msg timestamp="20230501 19:45:02.020" level="INFO">Log level changed from NONE to INFO.</msg>
<status status="PASS" starttime="20230501 19:45:01.898" endtime="20230501 19:45:02.020"/>
</kw>
<kw name="Click Button" library="SeleniumLibrary">
<arg>signInBtn</arg>
<doc>Clicks the button identified by ``locator``.</doc>
<msg timestamp="20230501 19:45:02.023" level="INFO">Clicking button 'signInBtn'.</msg>
<status status="PASS" starttime="20230501 19:45:02.021" endtime="20230501 19:45:02.100"/>
</kw>
<status status="PASS" starttime="20230501 19:45:01.682" endtime="20230501 19:45:02.100"/>
</kw>
<kw name="wait until it checks and display error message">
<kw name="Wait Until Element Is Visible" library="SeleniumLibrary">
<arg>${Error_Message_Login}</arg>
<doc>Waits until the element ``locator`` is visible.</doc>
<status status="PASS" starttime="20230501 19:45:02.101" endtime="20230501 19:45:04.200"/>
</kw>
<status status="PASS" starttime="20230501 19:45:02.100" endtime="20230501 19:45:04.200"/>
</kw>
<kw name="verify error message is correct">
<kw name="Get Text" library="SeleniumLibrary">
<var>${result}</var>
<arg>${Error_Message_Login}</arg>
<doc>Returns the text value of the element identified by ``locator``.</doc>
<msg timestamp="20230501 19:45:04.226" level="INFO">${result} = Incorrect username/password.</msg>
<status status="PASS" starttime="20230501 19:45:04.201" endtime="20230501 19:45:04.226"/>
</kw>
<kw name="Should Be Equal As Strings" library="BuiltIn">
<arg>${result}</arg>
<arg>Incorrect username/password.</arg>
<doc>Fails if objects are unequal after converting them to strings.</doc>
<status status="PASS" starttime="20230501 19:45:04.227" endtime="20230501 19:45:04.227"/>
</kw>
<kw name="Element Text Should Be" library="SeleniumLibrary">
<arg>${Error_Message_Login}</arg>
<arg>Incorrect username/password.</arg>
<doc>Verifies that element ``locator`` contains exact the text ``expected``.</doc>
<msg timestamp="20230501 19:45:04.228" level="INFO">Verifying element 'css:.alert-danger' contains exact text 'Incorrect username/password.'.</msg>
<status status="PASS" starttime="20230501 19:45:04.227" endtime="20230501 19:45:04.245"/>
</kw>
<status status="PASS" starttime="20230501 19:45:04.200" endtime="20230501 19:45:04.245"/>
</kw>
<status status="PASS" starttime="20230501 19:44:58.819" endtime="20230501 19:45:04.246"/>
</kw>
<kw name="Close Browser" library="SeleniumLibrary" type="TEARDOWN">
<doc>Closes the current browser.</doc>
<status status="PASS" starttime="20230501 19:45:04.246" endtime="20230501 19:45:04.381"/>
</kw>
<status status="PASS" starttime="20230501 19:44:58.817" endtime="20230501 19:45:04.382"/>
</test>
<test id="s1-s1-s4-t3" name="special characters" line="16">
<kw name="Validate UnSuccesful Login">
<arg>@#$</arg>
<arg>learning</arg>
<kw name="open the browser with the Mortgage payment url">
<kw name="Create Webdriver" library="SeleniumLibrary">
<arg>Chrome</arg>
<arg>executable_path=/Users/rahulshetty/Documents/chromedriver</arg>
<doc>Creates an instance of Selenium WebDriver.</doc>
<msg timestamp="20230501 19:45:04.386" level="INFO">Creating an instance of the Chrome WebDriver.</msg>
<status status="PASS" starttime="20230501 19:45:04.386" endtime="20230501 19:45:06.626"/>
</kw>
<kw name="Go To" library="SeleniumLibrary">
<arg>https://rahulshettyacademy.com/loginpagePractise/</arg>
<doc>Navigates the current browser window to the provided ``url``.</doc>
<msg timestamp="20230501 19:45:06.628" level="INFO">Opening url 'https://rahulshettyacademy.com/loginpagePractise/'</msg>
<status status="PASS" starttime="20230501 19:45:06.627" endtime="20230501 19:45:07.480"/>
</kw>
<status status="PASS" starttime="20230501 19:45:04.385" endtime="20230501 19:45:07.481"/>
</kw>
<kw name="Fill the login Form">
<arg>${username}</arg>
<arg>${password}</arg>
<kw name="Input Text" library="SeleniumLibrary">
<arg>id:username</arg>
<arg>${username}</arg>
<doc>Types the given ``text`` into the text field identified by ``locator``.</doc>
<msg timestamp="20230501 19:45:07.485" level="INFO">Typing text '@#$' into text field 'id:username'.</msg>
<status status="PASS" starttime="20230501 19:45:07.482" endtime="20230501 19:45:07.929"/>
</kw>
<kw name="Input Password" library="SeleniumLibrary">
<arg>id:password</arg>
<arg>${password}</arg>
<doc>Types the given password into the text field identified by ``locator``.</doc>
<msg timestamp="20230501 19:45:07.931" level="INFO">Typing password into text field 'id:password'.</msg>
<msg timestamp="20230501 19:45:08.030" level="INFO">Temporally setting log level to: NONE</msg>
<msg timestamp="20230501 19:45:08.432" level="INFO">Log level changed from NONE to INFO.</msg>
<status status="PASS" starttime="20230501 19:45:07.929" endtime="20230501 19:45:08.432"/>
</kw>
<kw name="Click Button" library="SeleniumLibrary">
<arg>signInBtn</arg>
<doc>Clicks the button identified by ``locator``.</doc>
<msg timestamp="20230501 19:45:08.434" level="INFO">Clicking button 'signInBtn'.</msg>
<status status="PASS" starttime="20230501 19:45:08.433" endtime="20230501 19:45:08.539"/>
</kw>
<status status="PASS" starttime="20230501 19:45:07.481" endtime="20230501 19:45:08.539"/>
</kw>
<kw name="wait until it checks and display error message">
<kw name="Wait Until Element Is Visible" library="SeleniumLibrary">
<arg>${Error_Message_Login}</arg>
<doc>Waits until the element ``locator`` is visible.</doc>
<status status="PASS" starttime="20230501 19:45:08.540" endtime="20230501 19:45:11.528"/>
</kw>
<status status="PASS" starttime="20230501 19:45:08.539" endtime="20230501 19:45:11.528"/>
</kw>
<kw name="verify error message is correct">
<kw name="Get Text" library="SeleniumLibrary">
<var>${result}</var>
<arg>${Error_Message_Login}</arg>
<doc>Returns the text value of the element identified by ``locator``.</doc>
<msg timestamp="20230501 19:45:11.562" level="INFO">${result} = Incorrect username/password.</msg>
<status status="PASS" starttime="20230501 19:45:11.529" endtime="20230501 19:45:11.562"/>
</kw>
<kw name="Should Be Equal As Strings" library="BuiltIn">
<arg>${result}</arg>
<arg>Incorrect username/password.</arg>
<doc>Fails if objects are unequal after converting them to strings.</doc>
<status status="PASS" starttime="20230501 19:45:11.562" endtime="20230501 19:45:11.562"/>
</kw>
<kw name="Element Text Should Be" library="SeleniumLibrary">
<arg>${Error_Message_Login}</arg>
<arg>Incorrect username/password.</arg>
<doc>Verifies that element ``locator`` contains exact the text ``expected``.</doc>
<msg timestamp="20230501 19:45:11.563" level="INFO">Verifying element 'css:.alert-danger' contains exact text 'Incorrect username/password.'.</msg>
<status status="PASS" starttime="20230501 19:45:11.562" endtime="20230501 19:45:11.585"/>
</kw>
<status status="PASS" starttime="20230501 19:45:11.528" endtime="20230501 19:45:11.585"/>
</kw>
<status status="PASS" starttime="20230501 19:45:04.384" endtime="20230501 19:45:11.585"/>
</kw>
<kw name="Close Browser" library="SeleniumLibrary" type="TEARDOWN">
<doc>Closes the current browser.</doc>
<status status="PASS" starttime="20230501 19:45:11.586" endtime="20230501 19:45:11.716"/>
</kw>
<status status="PASS" starttime="20230501 19:45:04.383" endtime="20230501 19:45:11.716"/>
</test>
<doc>To validate the Login form</doc>
<status status="PASS" starttime="20230501 19:44:51.844" endtime="20230501 19:45:11.722"/>
</suite>
<suite id="s1-s1-s5" name="testDemo5" source="/Users/chandrashekharsingh/Documents/RobotFramework_workSpace/RobotFramework/tests/testDemo5.robot">
<test id="s1-s1-s5-t1" name="Invalid username" line="13">
<kw name="Validate UnSuccesful Login">
<arg>dsahed</arg>
<arg>learning</arg>
<kw name="open the browser with the Mortgage payment url">
<kw name="Create Webdriver" library="SeleniumLibrary">
<arg>Chrome</arg>
<arg>executable_path=/Users/rahulshetty/Documents/chromedriver</arg>
<doc>Creates an instance of Selenium WebDriver.</doc>
<msg timestamp="20230501 19:45:11.930" level="INFO">Creating an instance of the Chrome WebDriver.</msg>
<status status="PASS" starttime="20230501 19:45:11.930" endtime="20230501 19:45:14.471"/>
</kw>
<kw name="Go To" library="SeleniumLibrary">
<arg>https://rahulshettyacademy.com/loginpagePractise/</arg>
<doc>Navigates the current browser window to the provided ``url``.</doc>
<msg timestamp="20230501 19:45:14.473" level="INFO">Opening url 'https://rahulshettyacademy.com/loginpagePractise/'</msg>
<status status="PASS" starttime="20230501 19:45:14.472" endtime="20230501 19:45:15.905"/>
</kw>
<status status="PASS" starttime="20230501 19:45:11.929" endtime="20230501 19:45:15.906"/>
</kw>
<kw name="Fill the login Form">
<arg>${username}</arg>
<arg>${password}</arg>
<kw name="Input Text" library="SeleniumLibrary">
<arg>id:username</arg>
<arg>${username}</arg>
<doc>Types the given ``text`` into the text field identified by ``locator``.</doc>
<msg timestamp="20230501 19:45:15.910" level="INFO">Typing text 'dsahed' into text field 'id:username'.</msg>
<status status="PASS" starttime="20230501 19:45:15.908" endtime="20230501 19:45:16.154"/>
</kw>
<kw name="Input Password" library="SeleniumLibrary">
<arg>id:password</arg>
<arg>${password}</arg>
<doc>Types the given password into the text field identified by ``locator``.</doc>
<msg timestamp="20230501 19:45:16.155" level="INFO">Typing password into text field 'id:password'.</msg>
<msg timestamp="20230501 19:45:16.240" level="INFO">Temporally setting log level to: NONE</msg>
<msg timestamp="20230501 19:45:16.319" level="INFO">Log level changed from NONE to INFO.</msg>
<status status="PASS" starttime="20230501 19:45:16.154" endtime="20230501 19:45:16.319"/>
</kw>
<kw name="Click Button" library="SeleniumLibrary">
<arg>signInBtn</arg>
<doc>Clicks the button identified by ``locator``.</doc>
<msg timestamp="20230501 19:45:16.321" level="INFO">Clicking button 'signInBtn'.</msg>
<status status="PASS" starttime="20230501 19:45:16.319" endtime="20230501 19:45:16.415"/>
</kw>
<status status="PASS" starttime="20230501 19:45:15.906" endtime="20230501 19:45:16.416"/>
</kw>
<kw name="wait until it checks and display error message">
<kw name="Wait Until Element Is Visible" library="SeleniumLibrary">
<arg>${Error_Message_Login}</arg>
<doc>Waits until the element ``locator`` is visible.</doc>
<status status="PASS" starttime="20230501 19:45:16.417" endtime="20230501 19:45:18.584"/>
</kw>
<status status="PASS" starttime="20230501 19:45:16.416" endtime="20230501 19:45:18.585"/>
</kw>
<kw name="verify error message is correct">
<kw name="Get Text" library="SeleniumLibrary">
<var>${result}</var>
<arg>${Error_Message_Login}</arg>
<doc>Returns the text value of the element identified by ``locator``.</doc>
<msg timestamp="20230501 19:45:18.629" level="INFO">${result} = Incorrect username/password.</msg>
<status status="PASS" starttime="20230501 19:45:18.586" endtime="20230501 19:45:18.629"/>
</kw>
<kw name="Should Be Equal As Strings" library="BuiltIn">
<arg>${result}</arg>
<arg>Incorrect username/password.</arg>
<doc>Fails if objects are unequal after converting them to strings.</doc>
<status status="PASS" starttime="20230501 19:45:18.629" endtime="20230501 19:45:18.630"/>
</kw>
<kw name="Element Text Should Be" library="SeleniumLibrary">
<arg>${Error_Message_Login}</arg>
<arg>Incorrect username/password.</arg>
<doc>Verifies that element ``locator`` contains exact the text ``expected``.</doc>
<msg timestamp="20230501 19:45:18.633" level="INFO">Verifying element 'css:.alert-danger' contains exact text 'Incorrect username/password.'.</msg>
<status status="PASS" starttime="20230501 19:45:18.631" endtime="20230501 19:45:18.656"/>
</kw>
<status status="PASS" starttime="20230501 19:45:18.585" endtime="20230501 19:45:18.656"/>
</kw>
<status status="PASS" starttime="20230501 19:45:11.928" endtime="20230501 19:45:18.656"/>
</kw>
<kw name="Close Browser" library="SeleniumLibrary" type="TEARDOWN">
<doc>Closes the current browser.</doc>
<status status="PASS" starttime="20230501 19:45:18.657" endtime="20230501 19:45:18.804"/>
</kw>
<status status="PASS" starttime="20230501 19:45:11.917" endtime="20230501 19:45:18.804"/>
</test>
<test id="s1-s1-s5-t2" name="Invalid password" line="13">
<kw name="Validate UnSuccesful Login">
<arg>rahulshetty</arg>
<arg>ploudfg</arg>
<kw name="open the browser with the Mortgage payment url">
<kw name="Create Webdriver" library="SeleniumLibrary">
<arg>Chrome</arg>
<arg>executable_path=/Users/rahulshetty/Documents/chromedriver</arg>
<doc>Creates an instance of Selenium WebDriver.</doc>
<msg timestamp="20230501 19:45:18.812" level="INFO">Creating an instance of the Chrome WebDriver.</msg>
<status status="PASS" starttime="20230501 19:45:18.812" endtime="20230501 19:45:21.379"/>
</kw>
<kw name="Go To" library="SeleniumLibrary">
<arg>https://rahulshettyacademy.com/loginpagePractise/</arg>
<doc>Navigates the current browser window to the provided ``url``.</doc>
<msg timestamp="20230501 19:45:21.381" level="INFO">Opening url 'https://rahulshettyacademy.com/loginpagePractise/'</msg>
<status status="PASS" starttime="20230501 19:45:21.380" endtime="20230501 19:45:22.324"/>
</kw>
<status status="PASS" starttime="20230501 19:45:18.811" endtime="20230501 19:45:22.325"/>
</kw>
<kw name="Fill the login Form">
<arg>${username}</arg>
<arg>${password}</arg>
<kw name="Input Text" library="SeleniumLibrary">
<arg>id:username</arg>
<arg>${username}</arg>
<doc>Types the given ``text`` into the text field identified by ``locator``.</doc>
<msg timestamp="20230501 19:45:22.328" level="INFO">Typing text 'rahulshetty' into text field 'id:username'.</msg>
<status status="PASS" starttime="20230501 19:45:22.326" endtime="20230501 19:45:22.658"/>
</kw>
<kw name="Input Password" library="SeleniumLibrary">
<arg>id:password</arg>
<arg>${password}</arg>
<doc>Types the given password into the text field identified by ``locator``.</doc>
<msg timestamp="20230501 19:45:22.660" level="INFO">Typing password into text field 'id:password'.</msg>
<msg timestamp="20230501 19:45:22.727" level="INFO">Temporally setting log level to: NONE</msg>
<msg timestamp="20230501 19:45:22.803" level="INFO">Log level changed from NONE to INFO.</msg>
<status status="PASS" starttime="20230501 19:45:22.658" endtime="20230501 19:45:22.804"/>
</kw>
<kw name="Click Button" library="SeleniumLibrary">
<arg>signInBtn</arg>
<doc>Clicks the button identified by ``locator``.</doc>
<msg timestamp="20230501 19:45:22.806" level="INFO">Clicking button 'signInBtn'.</msg>
<status status="PASS" starttime="20230501 19:45:22.804" endtime="20230501 19:45:22.984"/>
</kw>
<status status="PASS" starttime="20230501 19:45:22.325" endtime="20230501 19:45:22.985"/>
</kw>
<kw name="wait until it checks and display error message">
<kw name="Wait Until Element Is Visible" library="SeleniumLibrary">
<arg>${Error_Message_Login}</arg>
<doc>Waits until the element ``locator`` is visible.</doc>
<status status="PASS" starttime="20230501 19:45:22.986" endtime="20230501 19:45:25.178"/>
</kw>
<status status="PASS" starttime="20230501 19:45:22.985" endtime="20230501 19:45:25.179"/>
</kw>
<kw name="verify error message is correct">
<kw name="Get Text" library="SeleniumLibrary">
<var>${result}</var>
<arg>${Error_Message_Login}</arg>
<doc>Returns the text value of the element identified by ``locator``.</doc>
<msg timestamp="20230501 19:45:25.225" level="INFO">${result} = Incorrect username/password.</msg>
<status status="PASS" starttime="20230501 19:45:25.180" endtime="20230501 19:45:25.225"/>
</kw>
<kw name="Should Be Equal As Strings" library="BuiltIn">
<arg>${result}</arg>
<arg>Incorrect username/password.</arg>
<doc>Fails if objects are unequal after converting them to strings.</doc>
<status status="PASS" starttime="20230501 19:45:25.225" endtime="20230501 19:45:25.226"/>
</kw>
<kw name="Element Text Should Be" library="SeleniumLibrary">
<arg>${Error_Message_Login}</arg>
<arg>Incorrect username/password.</arg>
<doc>Verifies that element ``locator`` contains exact the text ``expected``.</doc>
<msg timestamp="20230501 19:45:25.228" level="INFO">Verifying element 'css:.alert-danger' contains exact text 'Incorrect username/password.'.</msg>
<status status="PASS" starttime="20230501 19:45:25.226" endtime="20230501 19:45:25.250"/>
</kw>
<status status="PASS" starttime="20230501 19:45:25.179" endtime="20230501 19:45:25.251"/>
</kw>
<status status="PASS" starttime="20230501 19:45:18.810" endtime="20230501 19:45:25.251"/>
</kw>
<kw name="Close Browser" library="SeleniumLibrary" type="TEARDOWN">
<doc>Closes the current browser.</doc>
<status status="PASS" starttime="20230501 19:45:25.251" endtime="20230501 19:45:25.413"/>
</kw>
<status status="PASS" starttime="20230501 19:45:18.806" endtime="20230501 19:45:25.413"/>
</test>
<test id="s1-s1-s5-t3" name="special characters" line="13">
<kw name="Validate UnSuccesful Login">
<arg>@#$</arg>
<arg>learning</arg>
<kw name="open the browser with the Mortgage payment url">
<kw name="Create Webdriver" library="SeleniumLibrary">
<arg>Chrome</arg>
<arg>executable_path=/Users/rahulshetty/Documents/chromedriver</arg>
<doc>Creates an instance of Selenium WebDriver.</doc>
<msg timestamp="20230501 19:45:25.426" level="INFO">Creating an instance of the Chrome WebDriver.</msg>
<status status="PASS" starttime="20230501 19:45:25.425" endtime="20230501 19:45:28.028"/>
</kw>
<kw name="Go To" library="SeleniumLibrary">
<arg>https://rahulshettyacademy.com/loginpagePractise/</arg>
<doc>Navigates the current browser window to the provided ``url``.</doc>
<msg timestamp="20230501 19:45:28.030" level="INFO">Opening url 'https://rahulshettyacademy.com/loginpagePractise/'</msg>
<status status="PASS" starttime="20230501 19:45:28.029" endtime="20230501 19:45:28.767"/>
</kw>
<status status="PASS" starttime="20230501 19:45:25.424" endtime="20230501 19:45:28.768"/>
</kw>
<kw name="Fill the login Form">
<arg>${username}</arg>
<arg>${password}</arg>
<kw name="Input Text" library="SeleniumLibrary">
<arg>id:username</arg>
<arg>${username}</arg>
<doc>Types the given ``text`` into the text field identified by ``locator``.</doc>
<msg timestamp="20230501 19:45:28.771" level="INFO">Typing text '@#$' into text field 'id:username'.</msg>
<status status="PASS" starttime="20230501 19:45:28.769" endtime="20230501 19:45:29.055"/>
</kw>
<kw name="Input Password" library="SeleniumLibrary">
<arg>id:password</arg>
<arg>${password}</arg>
<doc>Types the given password into the text field identified by ``locator``.</doc>
<msg timestamp="20230501 19:45:29.058" level="INFO">Typing password into text field 'id:password'.</msg>
<msg timestamp="20230501 19:45:29.115" level="INFO">Temporally setting log level to: NONE</msg>
<msg timestamp="20230501 19:45:29.184" level="INFO">Log level changed from NONE to INFO.</msg>
<status status="PASS" starttime="20230501 19:45:29.056" endtime="20230501 19:45:29.184"/>
</kw>
<kw name="Click Button" library="SeleniumLibrary">
<arg>signInBtn</arg>
<doc>Clicks the button identified by ``locator``.</doc>
<msg timestamp="20230501 19:45:29.186" level="INFO">Clicking button 'signInBtn'.</msg>
<status status="PASS" starttime="20230501 19:45:29.185" endtime="20230501 19:45:29.277"/>
</kw>
<status status="PASS" starttime="20230501 19:45:28.768" endtime="20230501 19:45:29.278"/>
</kw>
<kw name="wait until it checks and display error message">
<kw name="Wait Until Element Is Visible" library="SeleniumLibrary">
<arg>${Error_Message_Login}</arg>
<doc>Waits until the element ``locator`` is visible.</doc>
<status status="PASS" starttime="20230501 19:45:29.279" endtime="20230501 19:45:31.345"/>
</kw>
<status status="PASS" starttime="20230501 19:45:29.278" endtime="20230501 19:45:31.346"/>
</kw>
<kw name="verify error message is correct">
<kw name="Get Text" library="SeleniumLibrary">
<var>${result}</var>
<arg>${Error_Message_Login}</arg>
<doc>Returns the text value of the element identified by ``locator``.</doc>
<msg timestamp="20230501 19:45:31.380" level="INFO">${result} = Incorrect username/password.</msg>
<status status="PASS" starttime="20230501 19:45:31.346" endtime="20230501 19:45:31.380"/>
</kw>
<kw name="Should Be Equal As Strings" library="BuiltIn">
<arg>${result}</arg>
<arg>Incorrect username/password.</arg>
<doc>Fails if objects are unequal after converting them to strings.</doc>
<status status="PASS" starttime="20230501 19:45:31.380" endtime="20230501 19:45:31.381"/>
</kw>
<kw name="Element Text Should Be" library="SeleniumLibrary">
<arg>${Error_Message_Login}</arg>
<arg>Incorrect username/password.</arg>
<doc>Verifies that element ``locator`` contains exact the text ``expected``.</doc>
<msg timestamp="20230501 19:45:31.384" level="INFO">Verifying element 'css:.alert-danger' contains exact text 'Incorrect username/password.'.</msg>
<status status="PASS" starttime="20230501 19:45:31.382" endtime="20230501 19:45:31.418"/>
</kw>
<status status="PASS" starttime="20230501 19:45:31.346" endtime="20230501 19:45:31.418"/>
</kw>
<status status="PASS" starttime="20230501 19:45:25.421" endtime="20230501 19:45:31.419"/>
</kw>
<kw name="Close Browser" library="SeleniumLibrary" type="TEARDOWN">
<doc>Closes the current browser.</doc>
<status status="PASS" starttime="20230501 19:45:31.419" endtime="20230501 19:45:31.548"/>
</kw>
<status status="PASS" starttime="20230501 19:45:25.417" endtime="20230501 19:45:31.549"/>
</test>
<test id="s1-s1-s5-t4" name="Login with user 1234 and password  4242" line="13">
<kw name="Validate UnSuccesful Login">
<arg>1234</arg>
<arg> 4242</arg>
<kw name="open the browser with the Mortgage payment url">
<kw name="Create Webdriver" library="SeleniumLibrary">
<arg>Chrome</arg>
<arg>executable_path=/Users/rahulshetty/Documents/chromedriver</arg>
<doc>Creates an instance of Selenium WebDriver.</doc>
<msg timestamp="20230501 19:45:31.555" level="INFO">Creating an instance of the Chrome WebDriver.</msg>
<status status="PASS" starttime="20230501 19:45:31.554" endtime="20230501 19:45:33.790"/>
</kw>
<kw name="Go To" library="SeleniumLibrary">
<arg>https://rahulshettyacademy.com/loginpagePractise/</arg>
<doc>Navigates the current browser window to the provided ``url``.</doc>
<msg timestamp="20230501 19:45:33.792" level="INFO">Opening url 'https://rahulshettyacademy.com/loginpagePractise/'</msg>
<status status="PASS" starttime="20230501 19:45:33.792" endtime="20230501 19:45:34.895"/>
</kw>
<status status="PASS" starttime="20230501 19:45:31.554" endtime="20230501 19:45:34.896"/>
</kw>
<kw name="Fill the login Form">
<arg>${username}</arg>
<arg>${password}</arg>
<kw name="Input Text" library="SeleniumLibrary">
<arg>id:username</arg>
<arg>${username}</arg>
<doc>Types the given ``text`` into the text field identified by ``locator``.</doc>
<msg timestamp="20230501 19:45:34.900" level="INFO">Typing text '1234' into text field 'id:username'.</msg>
<status status="PASS" starttime="20230501 19:45:34.898" endtime="20230501 19:45:35.255"/>
</kw>
<kw name="Input Password" library="SeleniumLibrary">
<arg>id:password</arg>
<arg>${password}</arg>
<doc>Types the given password into the text field identified by ``locator``.</doc>
<msg timestamp="20230501 19:45:35.257" level="INFO">Typing password into text field 'id:password'.</msg>
<msg timestamp="20230501 19:45:35.336" level="INFO">Temporally setting log level to: NONE</msg>
<msg timestamp="20230501 19:45:35.407" level="INFO">Log level changed from NONE to INFO.</msg>
<status status="PASS" starttime="20230501 19:45:35.255" endtime="20230501 19:45:35.407"/>
</kw>
<kw name="Click Button" library="SeleniumLibrary">
<arg>signInBtn</arg>
<doc>Clicks the button identified by ``locator``.</doc>
<msg timestamp="20230501 19:45:35.409" level="INFO">Clicking button 'signInBtn'.</msg>
<status status="PASS" starttime="20230501 19:45:35.408" endtime="20230501 19:45:35.523"/>
</kw>
<status status="PASS" starttime="20230501 19:45:34.897" endtime="20230501 19:45:35.524"/>
</kw>
<kw name="wait until it checks and display error message">
<kw name="Wait Until Element Is Visible" library="SeleniumLibrary">
<arg>${Error_Message_Login}</arg>
<doc>Waits until the element ``locator`` is visible.</doc>
<status status="PASS" starttime="20230501 19:45:35.526" endtime="20230501 19:45:37.591"/>
</kw>
<status status="PASS" starttime="20230501 19:45:35.525" endtime="20230501 19:45:37.591"/>
</kw>
<kw name="verify error message is correct">
<kw name="Get Text" library="SeleniumLibrary">
<var>${result}</var>
<arg>${Error_Message_Login}</arg>
<doc>Returns the text value of the element identified by ``locator``.</doc>
<msg timestamp="20230501 19:45:37.615" level="INFO">${result} = Incorrect username/password.</msg>
<status status="PASS" starttime="20230501 19:45:37.592" endtime="20230501 19:45:37.615"/>
</kw>
<kw name="Should Be Equal As Strings" library="BuiltIn">
<arg>${result}</arg>
<arg>Incorrect username/password.</arg>
<doc>Fails if objects are unequal after converting them to strings.</doc>
<status status="PASS" starttime="20230501 19:45:37.616" endtime="20230501 19:45:37.616"/>
</kw>
<kw name="Element Text Should Be" library="SeleniumLibrary">
<arg>${Error_Message_Login}</arg>
<arg>Incorrect username/password.</arg>
<doc>Verifies that element ``locator`` contains exact the text ``expected``.</doc>
<msg timestamp="20230501 19:45:37.617" level="INFO">Verifying element 'css:.alert-danger' contains exact text 'Incorrect username/password.'.</msg>
<status status="PASS" starttime="20230501 19:45:37.616" endtime="20230501 19:45:37.635"/>
</kw>
<status status="PASS" starttime="20230501 19:45:37.592" endtime="20230501 19:45:37.635"/>
</kw>
<status status="PASS" starttime="20230501 19:45:31.553" endtime="20230501 19:45:37.635"/>
</kw>
<kw name="Close Browser" library="SeleniumLibrary" type="TEARDOWN">
<doc>Closes the current browser.</doc>
<status status="PASS" starttime="20230501 19:45:37.636" endtime="20230501 19:45:37.767"/>
</kw>
<status status="PASS" starttime="20230501 19:45:31.550" endtime="20230501 19:45:37.767"/>
</test>
<doc>To validate the Login form</doc>
<status status="PASS" starttime="20230501 19:45:11.725" endtime="20230501 19:45:37.769"/>
</suite>
<suite id="s1-s1-s6" name="testDemo6" source="/Users/chandrashekharsingh/Documents/RobotFramework_workSpace/RobotFramework/tests/testDemo6.robot">
<test id="s1-s1-s6-t1" name="Validate UnSuccesful Login" line="24">
<kw name="open the browser with the Mortgage payment url" library="Generic" type="SETUP">
<kw name="Create Webdriver" library="SeleniumLibrary">
<arg>Chrome</arg>
<arg>executable_path=/Users/chandrashekharsingh/Documents/chromedriver</arg>
<doc>Creates an instance of Selenium WebDriver.</doc>
<msg timestamp="20230501 19:45:37.833" level="INFO">Creating an instance of the Chrome WebDriver.</msg>
<status status="PASS" starttime="20230501 19:45:37.833" endtime="20230501 19:45:40.239"/>
</kw>
<kw name="Go To" library="SeleniumLibrary">
<arg>${url}</arg>
<doc>Navigates the current browser window to the provided ``url``.</doc>
<msg timestamp="20230501 19:45:40.242" level="INFO">Opening url 'https://rahulshettyacademy.com/loginpagePractise/'</msg>
<status status="PASS" starttime="20230501 19:45:40.241" endtime="20230501 19:45:41.371"/>
</kw>
<status status="PASS" starttime="20230501 19:45:37.831" endtime="20230501 19:45:41.371"/>
</kw>
<kw name="Fill the login Form" library="LandingPage">
<arg>${user_name}</arg>
<arg>${invalid_password}</arg>
<kw name="Input Text" library="SeleniumLibrary">
<arg>id:username</arg>
<arg>${username}</arg>
<doc>Types the given ``text`` into the text field identified by ``locator``.</doc>
<msg timestamp="20230501 19:45:41.377" level="INFO">Typing text 'rahulshettyacademy' into text field 'id:username'.</msg>
<status status="PASS" starttime="20230501 19:45:41.375" endtime="20230501 19:45:41.648"/>
</kw>
<kw name="Input Password" library="SeleniumLibrary">
<arg>id:password</arg>
<arg>${password}</arg>
<doc>Types the given password into the text field identified by ``locator``.</doc>
<msg timestamp="20230501 19:45:41.650" level="INFO">Typing password into text field 'id:password'.</msg>
<msg timestamp="20230501 19:45:41.714" level="INFO">Temporally setting log level to: NONE</msg>
<msg timestamp="20230501 19:45:41.865" level="INFO">Log level changed from NONE to INFO.</msg>
<status status="PASS" starttime="20230501 19:45:41.649" endtime="20230501 19:45:41.865"/>
</kw>
<kw name="Click Button" library="SeleniumLibrary">
<arg>signInBtn</arg>
<doc>Clicks the button identified by ``locator``.</doc>
<msg timestamp="20230501 19:45:41.866" level="INFO">Clicking button 'signInBtn'.</msg>
<status status="PASS" starttime="20230501 19:45:41.865" endtime="20230501 19:45:41.951"/>
</kw>
<status status="PASS" starttime="20230501 19:45:41.372" endtime="20230501 19:45:41.951"/>
</kw>
<kw name="wait until Element is located in the page" library="LandingPage">
<kw name="Wait Until element passed is located on Page" library="Generic">
<arg>${Error_Message_Login}</arg>
<kw name="Wait Until Element Is Visible" library="SeleniumLibrary">
<arg>${page_locator}</arg>
<arg>timeout=10</arg>
<doc>Waits until the element ``locator`` is visible.</doc>
<status status="PASS" starttime="20230501 19:45:41.953" endtime="20230501 19:45:44.145"/>
</kw>
<status status="PASS" starttime="20230501 19:45:41.952" endtime="20230501 19:45:44.145"/>
</kw>
<status status="PASS" starttime="20230501 19:45:41.951" endtime="20230501 19:45:44.146"/>
</kw>
<kw name="verify error message is correct" library="LandingPage">
<kw name="Get Text" library="SeleniumLibrary">
<var>${result}</var>
<arg>${Error_Message_Login}</arg>
<doc>Returns the text value of the element identified by ``locator``.</doc>
<msg timestamp="20230501 19:45:44.172" level="INFO">${result} = Incorrect username/password.</msg>
<status status="PASS" starttime="20230501 19:45:44.146" endtime="20230501 19:45:44.172"/>
</kw>
<kw name="Should Be Equal As Strings" library="BuiltIn">
<arg>${result}</arg>
<arg>Incorrect username/password.</arg>
<doc>Fails if objects are unequal after converting them to strings.</doc>
<status status="PASS" starttime="20230501 19:45:44.172" endtime="20230501 19:45:44.173"/>
</kw>
<kw name="Element Text Should Be" library="SeleniumLibrary">
<arg>${Error_Message_Login}</arg>
<arg>Incorrect username/password.</arg>
<doc>Verifies that element ``locator`` contains exact the text ``expected``.</doc>
<msg timestamp="20230501 19:45:44.175" level="INFO">Verifying element 'css:.alert-danger' contains exact text 'Incorrect username/password.'.</msg>
<status status="PASS" starttime="20230501 19:45:44.173" endtime="20230501 19:45:44.192"/>
</kw>
<status status="PASS" starttime="20230501 19:45:44.146" endtime="20230501 19:45:44.192"/>
</kw>
<kw name="Close Browser session" library="Generic" type="TEARDOWN">
<kw name="Close Browser" library="SeleniumLibrary">
<doc>Closes the current browser.</doc>
<status status="PASS" starttime="20230501 19:45:44.193" endtime="20230501 19:45:44.320"/>
</kw>
<status status="PASS" starttime="20230501 19:45:44.193" endtime="20230501 19:45:44.320"/>
</kw>
<tag>REGRESSION</tag>
<tag>SMOKE</tag>
<status status="PASS" starttime="20230501 19:45:37.830" endtime="20230501 19:45:44.321"/>
</test>
<test id="s1-s1-s6-t2" name="End to end ecommerce Product validation" line="32">
<kw name="open the browser with the Mortgage payment url" library="Generic" type="SETUP">
<kw name="Create Webdriver" library="SeleniumLibrary">
<arg>Chrome</arg>
<arg>executable_path=/Users/chandrashekharsingh/Documents/chromedriver</arg>
<doc>Creates an instance of Selenium WebDriver.</doc>
<msg timestamp="20230501 19:45:44.326" level="INFO">Creating an instance of the Chrome WebDriver.</msg>
<status status="PASS" starttime="20230501 19:45:44.326" endtime="20230501 19:45:46.534"/>
</kw>
<kw name="Go To" library="SeleniumLibrary">
<arg>${url}</arg>
<doc>Navigates the current browser window to the provided ``url``.</doc>
<msg timestamp="20230501 19:45:46.536" level="INFO">Opening url 'https://rahulshettyacademy.com/loginpagePractise/'</msg>
<status status="PASS" starttime="20230501 19:45:46.535" endtime="20230501 19:45:47.235"/>
</kw>
<status status="PASS" starttime="20230501 19:45:44.324" endtime="20230501 19:45:47.236"/>
</kw>
<kw name="Fill the login Form" library="LandingPage">
<arg>${user_name}</arg>
<arg>${valid_password}</arg>
<kw name="Input Text" library="SeleniumLibrary">
<arg>id:username</arg>
<arg>${username}</arg>
<doc>Types the given ``text`` into the text field identified by ``locator``.</doc>
<msg timestamp="20230501 19:45:47.239" level="INFO">Typing text 'rahulshettyacademy' into text field 'id:username'.</msg>
<status status="PASS" starttime="20230501 19:45:47.237" endtime="20230501 19:45:47.548"/>
</kw>
<kw name="Input Password" library="SeleniumLibrary">
<arg>id:password</arg>
<arg>${password}</arg>
<doc>Types the given password into the text field identified by ``locator``.</doc>
<msg timestamp="20230501 19:45:47.549" level="INFO">Typing password into text field 'id:password'.</msg>
<msg timestamp="20230501 19:45:47.605" level="INFO">Temporally setting log level to: NONE</msg>
<msg timestamp="20230501 19:45:47.685" level="INFO">Log level changed from NONE to INFO.</msg>
<status status="PASS" starttime="20230501 19:45:47.548" endtime="20230501 19:45:47.685"/>
</kw>
<kw name="Click Button" library="SeleniumLibrary">
<arg>signInBtn</arg>
<doc>Clicks the button identified by ``locator``.</doc>
<msg timestamp="20230501 19:45:47.686" level="INFO">Clicking button 'signInBtn'.</msg>
<status status="PASS" starttime="20230501 19:45:47.685" endtime="20230501 19:45:47.869"/>
</kw>
<status status="PASS" starttime="20230501 19:45:47.236" endtime="20230501 19:45:47.870"/>
</kw>
<kw name="wait until Element is located in the page" library="ShopPage">
<kw name="Wait Until element passed is located on Page" library="Generic">
<arg>${Shop_page_load}</arg>
<kw name="Wait Until Element Is Visible" library="SeleniumLibrary">
<arg>${page_locator}</arg>
<arg>timeout=10</arg>
<doc>Waits until the element ``locator`` is visible.</doc>
<status status="PASS" starttime="20230501 19:45:47.872" endtime="20230501 19:45:51.189"/>
</kw>
<status status="PASS" starttime="20230501 19:45:47.871" endtime="20230501 19:45:51.190"/>
</kw>
<status status="PASS" starttime="20230501 19:45:47.870" endtime="20230501 19:45:51.190"/>
</kw>
<kw name="Verify Card titles in the Shop page" library="ShopPage">
<kw name="Create List" library="BuiltIn">
<var>@{expectedList}</var>
<arg>iphone X</arg>
<arg>Samsung Note 8</arg>
<arg>Nokia Edge</arg>
<arg>Blackberry</arg>
<doc>Returns a list containing given items.</doc>
<msg timestamp="20230501 19:45:51.191" level="INFO">@{expectedList} = [ iphone X | Samsung Note 8 | Nokia Edge | Blackberry ]</msg>
<status status="PASS" starttime="20230501 19:45:51.191" endtime="20230501 19:45:51.191"/>
</kw>
<kw name="Get WebElements" library="SeleniumLibrary">
<var>${elements}</var>
<arg>css:.card-title</arg>
<doc>Returns a list of WebElement objects matching the ``locator``.</doc>
<msg timestamp="20230501 19:45:51.208" level="INFO">${elements} = [&lt;selenium.webdriver.remote.webelement.WebElement (session="7a37df19e56fa50cf1f0fea511804f99", element="4431a486-9250-4e50-98ed-ddcc05b9186a")&gt;, &lt;selenium.webdriver.remote.webelement.WebElement (sessi...</msg>
<status status="PASS" starttime="20230501 19:45:51.192" endtime="20230501 19:45:51.208"/>
</kw>
<kw name="Create List" library="BuiltIn">
<var>@{actualList}</var>
<doc>Returns a list containing given items.</doc>
<msg timestamp="20230501 19:45:51.208" level="INFO">@{actualList} = [ ]</msg>
<status status="PASS" starttime="20230501 19:45:51.208" endtime="20230501 19:45:51.208"/>
</kw>
<for flavor="IN">
<var>${element}</var>
<value>@{elements}</value>
<iter>
<var name="${element}">&lt;selenium.webdriver.remote.webelement.WebElement (session="7a37df19e56fa50cf1f0fea511804f99", element="4431a486-9250-4e50-98ed-ddcc05b9186a")&gt;</var>
<kw name="Log" library="BuiltIn">
<arg>${element.text}</arg>
<doc>Logs the given message with the given level.</doc>
<msg timestamp="20230501 19:45:51.228" level="INFO">iphone X</msg>
<status status="PASS" starttime="20230501 19:45:51.209" endtime="20230501 19:45:51.228"/>
</kw>
<kw name="Append To List" library="Collections">
<arg>${actualList}</arg>
<arg>${element.text}</arg>
<doc>Adds ``values`` to the end of ``list``.</doc>
<status status="PASS" starttime="20230501 19:45:51.229" endtime="20230501 19:45:51.237"/>
</kw>
<status status="PASS" starttime="20230501 19:45:51.209" endtime="20230501 19:45:51.237"/>
</iter>
<iter>
<var name="${element}">&lt;selenium.webdriver.remote.webelement.WebElement (session="7a37df19e56fa50cf1f0fea511804f99", element="a3bc3f49-63ed-4052-8e31-ec7a3cf10f57")&gt;</var>
<kw name="Log" library="BuiltIn">
<arg>${element.text}</arg>
<doc>Logs the given message with the given level.</doc>
<msg timestamp="20230501 19:45:51.252" level="INFO">Samsung Note 8</msg>
<status status="PASS" starttime="20230501 19:45:51.237" endtime="20230501 19:45:51.252"/>
</kw>
<kw name="Append To List" library="Collections">
<arg>${actualList}</arg>
<arg>${element.text}</arg>
<doc>Adds ``values`` to the end of ``list``.</doc>
<status status="PASS" starttime="20230501 19:45:51.252" endtime="20230501 19:45:51.261"/>
</kw>
<status status="PASS" starttime="20230501 19:45:51.237" endtime="20230501 19:45:51.261"/>
</iter>
<iter>
<var name="${element}">&lt;selenium.webdriver.remote.webelement.WebElement (session="7a37df19e56fa50cf1f0fea511804f99", element="bf20e50e-41d1-48ef-9fbf-7a3d8b32fc8f")&gt;</var>
<kw name="Log" library="BuiltIn">
<arg>${element.text}</arg>
<doc>Logs the given message with the given level.</doc>
<msg timestamp="20230501 19:45:51.275" level="INFO">Nokia Edge</msg>
<status status="PASS" starttime="20230501 19:45:51.261" endtime="20230501 19:45:51.275"/>
</kw>
<kw name="Append To List" library="Collections">
<arg>${actualList}</arg>
<arg>${element.text}</arg>
<doc>Adds ``values`` to the end of ``list``.</doc>
<status status="PASS" starttime="20230501 19:45:51.276" endtime="20230501 19:45:51.284"/>
</kw>
<status status="PASS" starttime="20230501 19:45:51.261" endtime="20230501 19:45:51.284"/>
</iter>
<iter>
<var name="${element}">&lt;selenium.webdriver.remote.webelement.WebElement (session="7a37df19e56fa50cf1f0fea511804f99", element="e1eda206-b05f-41c6-89ab-da12789e245b")&gt;</var>
<kw name="Log" library="BuiltIn">
<arg>${element.text}</arg>
<doc>Logs the given message with the given level.</doc>
<msg timestamp="20230501 19:45:51.299" level="INFO">Blackberry</msg>
<status status="PASS" starttime="20230501 19:45:51.285" endtime="20230501 19:45:51.299"/>
</kw>
<kw name="Append To List" library="Collections">
<arg>${actualList}</arg>
<arg>${element.text}</arg>
<doc>Adds ``values`` to the end of ``list``.</doc>
<status status="PASS" starttime="20230501 19:45:51.299" endtime="20230501 19:45:51.309"/>
</kw>
<status status="PASS" starttime="20230501 19:45:51.284" endtime="20230501 19:45:51.309"/>
</iter>
<status status="PASS" starttime="20230501 19:45:51.208" endtime="20230501 19:45:51.309"/>
</for>
<kw name="Lists Should Be Equal" library="Collections">
<arg>${expectedList}</arg>
<arg>${actualList}</arg>
<doc>Fails if given lists are unequal.</doc>
<status status="PASS" starttime="20230501 19:45:51.309" endtime="20230501 19:45:51.310"/>
</kw>
<status status="PASS" starttime="20230501 19:45:51.190" endtime="20230501 19:45:51.310"/>
</kw>
<kw name="Add Items To Cart And Checkout" library="Shop">
<arg>${listofProducts}</arg>
<msg timestamp="20230501 19:45:51.341" level="INFO">Clicking button 'xpath:(//*[@class='card-footer'])[3]/button'.</msg>
<msg timestamp="20230501 19:45:51.437" level="INFO">Clicking button 'xpath:(//*[@class='card-footer'])[4]/button'.</msg>
<msg timestamp="20230501 19:45:51.513" level="INFO">Clicking link 'css:li.active a'.</msg>
<status status="PASS" starttime="20230501 19:45:51.310" endtime="20230501 19:45:51.607"/>
</kw>
<kw name="Verify items in the Checkout Page and proceed" library="CheckoutPage">
<kw name="Click Element" library="SeleniumLibrary">
<arg>css:.btn-success</arg>
<doc>Click the element identified by ``locator``.</doc>
<msg timestamp="20230501 19:45:51.608" level="INFO">Clicking element 'css:.btn-success'.</msg>
<status status="PASS" starttime="20230501 19:45:51.608" endtime="20230501 19:45:51.685"/>
</kw>
<status status="PASS" starttime="20230501 19:45:51.607" endtime="20230501 19:45:51.685"/>
</kw>
<kw name="Enter the Country and select the terms" library="ConfirmationPage">
<arg>${country_name}</arg>
<kw name="Input Text" library="SeleniumLibrary">
<arg>country</arg>
<arg>${country_name}</arg>
<doc>Types the given ``text`` into the text field identified by ``locator``.</doc>
<msg timestamp="20230501 19:45:51.687" level="INFO">Typing text 'India' into text field 'country'.</msg>
<status status="PASS" starttime="20230501 19:45:51.686" endtime="20230501 19:45:51.855"/>
</kw>
<kw name="Wait Until element passed is located on Page" library="Generic">
<arg>//a[text()='${country_name}']</arg>
<kw name="Wait Until Element Is Visible" library="SeleniumLibrary">
<arg>${page_locator}</arg>
<arg>timeout=10</arg>
<doc>Waits until the element ``locator`` is visible.</doc>
<status status="PASS" starttime="20230501 19:45:51.856" endtime="20230501 19:45:57.028"/>
</kw>
<status status="PASS" starttime="20230501 19:45:51.855" endtime="20230501 19:45:57.028"/>
</kw>
<kw name="Click Element" library="SeleniumLibrary">
<arg>//a[text()='${country_name}']</arg>
<doc>Click the element identified by ``locator``.</doc>
<msg timestamp="20230501 19:45:57.029" level="INFO">Clicking element '//a[text()='India']'.</msg>
<status status="PASS" starttime="20230501 19:45:57.028" endtime="20230501 19:45:57.080"/>
</kw>
<kw name="Sleep" library="BuiltIn">
<arg>2</arg>
<doc>Pauses the test executed for the given time.</doc>
<msg timestamp="20230501 19:45:59.082" level="INFO">Slept 2 seconds</msg>
<status status="PASS" starttime="20230501 19:45:57.081" endtime="20230501 19:45:59.082"/>
</kw>
<kw name="Click Element" library="SeleniumLibrary">
<arg>css:.checkbox label</arg>
<doc>Click the element identified by ``locator``.</doc>
<msg timestamp="20230501 19:45:59.083" level="INFO">Clicking element 'css:.checkbox label'.</msg>
<status status="PASS" starttime="20230501 19:45:59.082" endtime="20230501 19:45:59.138"/>
</kw>
<status status="PASS" starttime="20230501 19:45:51.686" endtime="20230501 19:45:59.138"/>
</kw>
<kw name="Purchase the Product and Confirm the Purchase" library="ConfirmationPage">
<kw name="Click Button" library="SeleniumLibrary">
<arg>css:.btn-success</arg>
<doc>Clicks the button identified by ``locator``.</doc>
<msg timestamp="20230501 19:45:59.141" level="INFO">Clicking button 'css:.btn-success'.</msg>
<status status="PASS" starttime="20230501 19:45:59.140" endtime="20230501 19:45:59.219"/>
</kw>
<kw name="Page Should Contain" library="SeleniumLibrary">
<arg>Success!</arg>
<doc>Verifies that current page contains ``text``.</doc>
<msg timestamp="20230501 19:45:59.243" level="INFO">Current page contains text 'Success!'.</msg>
<status status="PASS" starttime="20230501 19:45:59.219" endtime="20230501 19:45:59.243"/>
</kw>
<status status="PASS" starttime="20230501 19:45:59.139" endtime="20230501 19:45:59.244"/>
</kw>
<kw name="Close Browser session" library="Generic" type="TEARDOWN">
<kw name="Close Browser" library="SeleniumLibrary">
<doc>Closes the current browser.</doc>
<status status="PASS" starttime="20230501 19:45:59.245" endtime="20230501 19:45:59.380"/>
</kw>
<status status="PASS" starttime="20230501 19:45:59.244" endtime="20230501 19:45:59.381"/>
</kw>
<tag>REGRESSION</tag>
<status status="PASS" starttime="20230501 19:45:44.322" endtime="20230501 19:45:59.381"/>
</test>
<test id="s1-s1-s6-t3" name="Select the Form and navigate to Child window" line="44">
<kw name="open the browser with the Mortgage payment url" library="Generic" type="SETUP">
<kw name="Create Webdriver" library="SeleniumLibrary">
<arg>Chrome</arg>
<arg>executable_path=/Users/chandrashekharsingh/Documents/chromedriver</arg>
<doc>Creates an instance of Selenium WebDriver.</doc>
<msg timestamp="20230501 19:45:59.385" level="INFO">Creating an instance of the Chrome WebDriver.</msg>
<status status="PASS" starttime="20230501 19:45:59.385" endtime="20230501 19:46:01.553"/>
</kw>
<kw name="Go To" library="SeleniumLibrary">
<arg>${url}</arg>
<doc>Navigates the current browser window to the provided ``url``.</doc>
<msg timestamp="20230501 19:46:01.555" level="INFO">Opening url 'https://rahulshettyacademy.com/loginpagePractise/'</msg>
<status status="PASS" starttime="20230501 19:46:01.553" endtime="20230501 19:46:02.690"/>
</kw>
<status status="PASS" starttime="20230501 19:45:59.384" endtime="20230501 19:46:02.691"/>
</kw>
<kw name="Fill the Login Details and Login Form" library="LandingPage">
<kw name="Input Text" library="SeleniumLibrary">
<arg>id:username</arg>
<arg>rahulshettyacademy</arg>
<doc>Types the given ``text`` into the text field identified by ``locator``.</doc>
<msg timestamp="20230501 19:46:02.696" level="INFO">Typing text 'rahulshettyacademy' into text field 'id:username'.</msg>
<status status="PASS" starttime="20230501 19:46:02.694" endtime="20230501 19:46:02.982"/>
</kw>
<kw name="Input Password" library="SeleniumLibrary">
<arg>id:password</arg>
<arg>learning</arg>
<doc>Types the given password into the text field identified by ``locator``.</doc>
<msg timestamp="20230501 19:46:02.984" level="INFO">Typing password into text field 'id:password'.</msg>
<msg timestamp="20230501 19:46:03.049" level="INFO">Temporally setting log level to: NONE</msg>
<msg timestamp="20230501 19:46:03.121" level="INFO">Log level changed from NONE to INFO.</msg>
<status status="PASS" starttime="20230501 19:46:02.983" endtime="20230501 19:46:03.121"/>
</kw>
<kw name="Click Element" library="SeleniumLibrary">
<arg>css:input[value='user']</arg>
<doc>Click the element identified by ``locator``.</doc>
<msg timestamp="20230501 19:46:03.123" level="INFO">Clicking element 'css:input[value='user']'.</msg>
<status status="PASS" starttime="20230501 19:46:03.122" endtime="20230501 19:46:03.215"/>
</kw>
<kw name="Wait Until Element Is Visible" library="SeleniumLibrary">
<arg>css:.modal-body</arg>
<doc>Waits until the element ``locator`` is visible.</doc>
<status status="PASS" starttime="20230501 19:46:03.215" endtime="20230501 19:46:03.480"/>
</kw>
<kw name="Click Button" library="SeleniumLibrary">
<arg>id:okayBtn</arg>
<doc>Clicks the button identified by ``locator``.</doc>
<msg timestamp="20230501 19:46:03.481" level="INFO">Clicking button 'id:okayBtn'.</msg>
<status status="PASS" starttime="20230501 19:46:03.480" endtime="20230501 19:46:03.559"/>
</kw>
<kw name="Click Button" library="SeleniumLibrary">
<arg>id:okayBtn</arg>
<doc>Clicks the button identified by ``locator``.</doc>
<msg timestamp="20230501 19:46:03.560" level="INFO">Clicking button 'id:okayBtn'.</msg>
<status status="PASS" starttime="20230501 19:46:03.559" endtime="20230501 19:46:03.616"/>
</kw>
<kw name="Wait Until Element Is Not Visible" library="SeleniumLibrary">
<arg>css:.modal-body</arg>
<doc>Waits until the element ``locator`` is not visible.</doc>
<status status="PASS" starttime="20230501 19:46:03.616" endtime="20230501 19:46:03.858"/>
</kw>
<kw name="Select From List By Value" library="SeleniumLibrary">
<arg>css:select.form-control</arg>
<arg>teach</arg>
<doc>Selects options from selection list ``locator`` by ``values``.</doc>
<msg timestamp="20230501 19:46:03.860" level="INFO">Selecting options from selection list 'css:select.form-control' by value teach.</msg>
<status status="PASS" starttime="20230501 19:46:03.859" endtime="20230501 19:46:03.949"/>
</kw>
<kw name="Select Checkbox" library="SeleniumLibrary">
<arg>terms</arg>
<doc>Selects the checkbox identified by ``locator``.</doc>
<msg timestamp="20230501 19:46:03.951" level="INFO">Selecting checkbox 'terms'.</msg>
<status status="PASS" starttime="20230501 19:46:03.949" endtime="20230501 19:46:04.027"/>
</kw>
<kw name="Checkbox Should Be Selected" library="SeleniumLibrary">
<arg>terms</arg>
<doc>Verifies checkbox ``locator`` is selected/checked.</doc>
<msg timestamp="20230501 19:46:04.028" level="INFO">Verifying checkbox 'terms' is selected.</msg>
<status status="PASS" starttime="20230501 19:46:04.027" endtime="20230501 19:46:04.047"/>
</kw>
<status status="PASS" starttime="20230501 19:46:02.693" endtime="20230501 19:46:04.048"/>
</kw>
<kw name="Close Browser session" library="Generic" type="TEARDOWN">
<kw name="Close Browser" library="SeleniumLibrary">
<doc>Closes the current browser.</doc>
<status status="PASS" starttime="20230501 19:46:04.048" endtime="20230501 19:46:04.138"/>
</kw>
<status status="PASS" starttime="20230501 19:46:04.048" endtime="20230501 19:46:04.138"/>
</kw>
<status status="PASS" starttime="20230501 19:45:59.383" endtime="20230501 19:46:04.139"/>
</test>
<doc>To validate the Login form</doc>
<status status="PASS" starttime="20230501 19:45:37.772" endtime="20230501 19:46:04.140"/>
</suite>
<suite id="s1-s1-s7" name="testDemo7" source="/Users/chandrashekharsingh/Documents/RobotFramework_workSpace/RobotFramework/tests/testDemo7.robot">
<test id="s1-s1-s7-t1" name="Play around with Dictinoary" line="11">
<kw name="Create Dictionary" library="BuiltIn">
<var>&amp;{data}</var>
<arg>name=rahulshetty</arg>
<arg>course=robot</arg>
<arg>website=rahulshettyacademy.com</arg>
<doc>Creates and returns a dictionary based on the given ``items``.</doc>
<msg timestamp="20230501 19:46:04.565" level="INFO">&amp;{data} = { name=rahulshetty | course=robot | website=rahulshettyacademy.com }</msg>
<status status="PASS" starttime="20230501 19:46:04.564" endtime="20230501 19:46:04.565"/>
</kw>
<kw name="Log" library="BuiltIn">
<arg>${data}</arg>
<doc>Logs the given message with the given level.</doc>
<msg timestamp="20230501 19:46:04.566" level="INFO">{'name': 'rahulshetty', 'course': 'robot', 'website': 'rahulshettyacademy.com'}</msg>
<status status="PASS" starttime="20230501 19:46:04.566" endtime="20230501 19:46:04.567"/>
</kw>
<kw name="Dictionary Should Contain Key" library="Collections">
<arg>${data}</arg>
<arg>name</arg>
<doc>Fails if ``key`` is not found from ``dictionary``.</doc>
<status status="PASS" starttime="20230501 19:46:04.567" endtime="20230501 19:46:04.568"/>
</kw>
<kw name="Log" library="BuiltIn">
<arg>${data}[name]</arg>
<doc>Logs the given message with the given level.</doc>
<msg timestamp="20230501 19:46:04.568" level="INFO">rahulshetty</msg>
<status status="PASS" starttime="20230501 19:46:04.568" endtime="20230501 19:46:04.569"/>
</kw>
<kw name="Get From Dictionary" library="Collections">
<var>${url}</var>
<arg>${data}</arg>
<arg>website</arg>
<doc>Returns a value from the given ``dictionary`` based on the given ``key``.</doc>
<msg timestamp="20230501 19:46:04.570" level="INFO">${url} = rahulshettyacademy.com</msg>
<status status="PASS" starttime="20230501 19:46:04.569" endtime="20230501 19:46:04.570"/>
</kw>
<kw name="Log" library="BuiltIn">
<arg>${url}</arg>
<doc>Logs the given message with the given level.</doc>
<msg timestamp="20230501 19:46:04.571" level="INFO">rahulshettyacademy.com</msg>
<status status="PASS" starttime="20230501 19:46:04.570" endtime="20230501 19:46:04.571"/>
</kw>
<tag>API</tag>
<status status="PASS" starttime="20230501 19:46:04.563" endtime="20230501 19:46:04.571"/>
</test>
<test id="s1-s1-s7-t2" name="Add Book into Library DataBase" line="21">
<kw name="Create Dictionary" library="BuiltIn">
<var>&amp;{req_body}</var>
<arg>name=${book_name}</arg>
<arg>isbn=947303</arg>
<arg>aisle=324534</arg>
<arg>author=rahulshetty</arg>
<doc>Creates and returns a dictionary based on the given ``items``.</doc>
<msg timestamp="20230501 19:46:04.575" level="INFO">&amp;{req_body} = { name=RobotFramework | isbn=947303 | aisle=324534 | author=rahulshetty }</msg>
<status status="PASS" starttime="20230501 19:46:04.574" endtime="20230501 19:46:04.575"/>
</kw>
<kw name="POST" library="RequestsLibrary">
<var>${response}</var>
<arg>${base_url}/Library/Addbook.php</arg>
<arg>json=${req_body}</arg>
<arg>expected_status=200</arg>
<doc>Sends a POST request.</doc>
<msg timestamp="20230501 19:46:04.785" level="INFO">POST Request : url=https://rahulshettyacademy.com/Library/Addbook.php 
 path_url=/Library/Addbook.php 
 headers={'User-Agent': 'python-requests/2.28.2', 'Accept-Encoding': 'gzip, deflate', 'Accept': '*/*', 'Connection': 'keep-alive', 'Content-Length': '88', 'Content-Type': 'application/json'} 
 body=b'{"name": "RobotFramework", "isbn": "947303", "aisle": "324534", "author": "rahulshetty"}' 
 </msg>
<msg timestamp="20230501 19:46:04.785" level="INFO">POST Response : url=https://rahulshettyacademy.com/Library/Addbook.php 
 status=200, reason=OK 
 headers={'Date': 'Mon, 01 May 2023 14:16:03 GMT', 'Server': 'Apache/2.4.41 (Ubuntu)', 'Access-Control-Allow-Origin': '*', 'Access-Control-Allow-Methods': 'POST', 'Access-Control-Max-Age': '3600', 'Access-Control-Allow-Headers': 'Content-Type, Access-Control-Allow-Headers, Authorization, X-Requested-With', 'Content-Length': '48', 'Keep-Alive': 'timeout=5, max=100', 'Connection': 'Keep-Alive', 'Content-Type': 'application/json;charset=UTF-8'} 
 body={"Msg":"successfully added","ID":"947303324534"} 
 </msg>
<msg timestamp="20230501 19:46:04.786" level="INFO">${response} = &lt;Response [200]&gt;</msg>
<status status="PASS" starttime="20230501 19:46:04.575" endtime="20230501 19:46:04.786"/>
</kw>
<kw name="Log" library="BuiltIn">
<arg>${response.json()}</arg>
<doc>Logs the given message with the given level.</doc>
<msg timestamp="20230501 19:46:04.788" level="INFO">{'Msg': 'successfully added', 'ID': '947303324534'}</msg>
<status status="PASS" starttime="20230501 19:46:04.786" endtime="20230501 19:46:04.788"/>
</kw>
<kw name="Dictionary Should Contain Key" library="Collections">
<arg>${response.json()}</arg>
<arg>ID</arg>
<doc>Fails if ``key`` is not found from ``dictionary``.</doc>
<status status="PASS" starttime="20230501 19:46:04.788" endtime="20230501 19:46:04.790"/>
</kw>
<kw name="Get From Dictionary" library="Collections">
<var>${book_id}</var>
<arg>${response.json()}</arg>
<arg>ID</arg>
<doc>Returns a value from the given ``dictionary`` based on the given ``key``.</doc>
<msg timestamp="20230501 19:46:04.792" level="INFO">${book_id} = 947303324534</msg>
<status status="PASS" starttime="20230501 19:46:04.790" endtime="20230501 19:46:04.792"/>
</kw>
<kw name="Set Global Variable" library="BuiltIn">
<arg>${book_id}</arg>
<doc>Makes a variable available globally in all tests and suites.</doc>
<msg timestamp="20230501 19:46:04.793" level="INFO">${book_id} = 947303324534</msg>
<status status="PASS" starttime="20230501 19:46:04.792" endtime="20230501 19:46:04.793"/>
</kw>
<kw name="Log" library="BuiltIn">
<arg>${book_id}</arg>
<doc>Logs the given message with the given level.</doc>
<msg timestamp="20230501 19:46:04.793" level="INFO">947303324534</msg>
<status status="PASS" starttime="20230501 19:46:04.793" endtime="20230501 19:46:04.794"/>
</kw>
<kw name="Should Be Equal As Strings" library="BuiltIn">
<arg>successfully added</arg>
<arg>${response.json()}[Msg]</arg>
<doc>Fails if objects are unequal after converting them to strings.</doc>
<status status="PASS" starttime="20230501 19:46:04.794" endtime="20230501 19:46:04.795"/>
</kw>
<kw name="Status Should Be" library="RequestsLibrary">
<arg>200</arg>
<arg>${response}</arg>
<doc>Fails if response status code is different than the expected.</doc>
<status status="PASS" starttime="20230501 19:46:04.795" endtime="20230501 19:46:04.796"/>
</kw>
<tag>API</tag>
<status status="PASS" starttime="20230501 19:46:04.572" endtime="20230501 19:46:04.796"/>
</test>
<test id="s1-s1-s7-t3" name="Get the Book Details which got added" line="33">
<kw name="GET" library="RequestsLibrary">
<var>${get_response}</var>
<arg>${base_url}/Library/GetBook.php</arg>
<arg>params=ID=${book_id}</arg>
<arg>expected_status=200</arg>
<doc>Sends a GET request.</doc>
<msg timestamp="20230501 19:46:04.899" level="INFO">GET Request : url=https://rahulshettyacademy.com/Library/GetBook.php?ID=947303324534 
 path_url=/Library/GetBook.php?ID=947303324534 
 headers={'User-Agent': 'python-requests/2.28.2', 'Accept-Encoding': 'gzip, deflate', 'Accept': '*/*', 'Connection': 'keep-alive'} 
 body=None 
 </msg>
<msg timestamp="20230501 19:46:04.899" level="INFO">GET Response : url=https://rahulshettyacademy.com/Library/GetBook.php?ID=947303324534 
 status=200, reason=OK 
 headers={'Date': 'Mon, 01 May 2023 14:16:04 GMT', 'Server': 'Apache/2.4.41 (Ubuntu)', 'Access-Control-Allow-Origin': '*', 'Access-Control-Allow-Methods': 'POST', 'Access-Control-Max-Age': '3600', 'Access-Control-Allow-Headers': 'Content-Type, Access-Control-Allow-Headers, Authorization, X-Requested-With', 'Content-Length': '88', 'Keep-Alive': 'timeout=5, max=100', 'Connection': 'Keep-Alive', 'Content-Type': 'application/json;charset=UTF-8'} 
 body=[{"book_name":"RobotFramework","isbn":"947303","aisle":"324534","author":"rahulshetty"}] 
 </msg>
<msg timestamp="20230501 19:46:04.900" level="INFO">${get_response} = &lt;Response [200]&gt;</msg>
<status status="PASS" starttime="20230501 19:46:04.797" endtime="20230501 19:46:04.900"/>
</kw>
<kw name="Log" library="BuiltIn">
<arg>${get_response.json()}</arg>
<doc>Logs the given message with the given level.</doc>
<msg timestamp="20230501 19:46:04.902" level="INFO">[{'book_name': 'RobotFramework', 'isbn': '947303', 'aisle': '324534', 'author': 'rahulshetty'}]</msg>
<status status="PASS" starttime="20230501 19:46:04.900" endtime="20230501 19:46:04.902"/>
</kw>
<kw name="Should Be Equal As Strings" library="BuiltIn">
<arg>${book_name}</arg>
<arg>${get_response.json()}[0][book_name]</arg>
<doc>Fails if objects are unequal after converting them to strings.</doc>
<status status="PASS" starttime="20230501 19:46:04.902" endtime="20230501 19:46:04.904"/>
</kw>
<tag>API</tag>
<status status="PASS" starttime="20230501 19:46:04.797" endtime="20230501 19:46:04.905"/>
</test>
<test id="s1-s1-s7-t4" name="Delete the Book from database" line="40">
<kw name="Create Dictionary" library="BuiltIn">
<var>&amp;{delete_req}</var>
<arg>ID=${book_id}</arg>
<doc>Creates and returns a dictionary based on the given ``items``.</doc>
<msg timestamp="20230501 19:46:04.907" level="INFO">&amp;{delete_req} = { ID=947303324534 }</msg>
<status status="PASS" starttime="20230501 19:46:04.906" endtime="20230501 19:46:04.907"/>
</kw>
<kw name="POST" library="RequestsLibrary">
<var>${delete_resp}</var>
<arg>${base_url}/Library/DeleteBook.php</arg>
<arg>json=${delete_req}</arg>
<arg>expected_status=200</arg>
<doc>Sends a POST request.</doc>
<msg timestamp="20230501 19:46:05.093" level="INFO">POST Request : url=https://rahulshettyacademy.com/Library/DeleteBook.php 
 path_url=/Library/DeleteBook.php 
 headers={'User-Agent': 'python-requests/2.28.2', 'Accept-Encoding': 'gzip, deflate', 'Accept': '*/*', 'Connection': 'keep-alive', 'Content-Length': '22', 'Content-Type': 'application/json'} 
 body=b'{"ID": "947303324534"}' 
 </msg>
<msg timestamp="20230501 19:46:05.093" level="INFO">POST Response : url=https://rahulshettyacademy.com/Library/DeleteBook.php 
 status=200, reason=OK 
 headers={'Date': 'Mon, 01 May 2023 14:16:04 GMT', 'Server': 'Apache/2.4.41 (Ubuntu)', 'Access-Control-Allow-Origin': '*', 'Access-Control-Allow-Methods': 'POST', 'Access-Control-Max-Age': '3600', 'Access-Control-Allow-Headers': 'Content-Type, Access-Control-Allow-Headers, Authorization, X-Requested-With', 'Content-Length': '38', 'Keep-Alive': 'timeout=5, max=100', 'Connection': 'Keep-Alive', 'Content-Type': 'application/json;charset=UTF-8'} 
 body={"msg":"book is successfully deleted"} 
 </msg>
<msg timestamp="20230501 19:46:05.093" level="INFO">${delete_resp} = &lt;Response [200]&gt;</msg>
<status status="PASS" starttime="20230501 19:46:04.907" endtime="20230501 19:46:05.093"/>
</kw>
<kw name="Log" library="BuiltIn">
<arg>${delete_resp.json()}</arg>
<doc>Logs the given message with the given level.</doc>
<msg timestamp="20230501 19:46:05.095" level="INFO">{'msg': 'book is successfully deleted'}</msg>
<status status="PASS" starttime="20230501 19:46:05.094" endtime="20230501 19:46:05.096"/>
</kw>
<kw name="Should Be Equal As Strings" library="BuiltIn">
<arg>book is successfully deleted</arg>
<arg>${delete_resp.json()}[msg]</arg>
<doc>Fails if objects are unequal after converting them to strings.</doc>
<status status="PASS" starttime="20230501 19:46:05.096" endtime="20230501 19:46:05.097"/>
</kw>
<tag>API</tag>
<status status="PASS" starttime="20230501 19:46:04.905" endtime="20230501 19:46:05.098"/>
</test>
<status status="PASS" starttime="20230501 19:46:04.144" endtime="20230501 19:46:05.099"/>
</suite>
<status status="FAIL" starttime="20230501 19:44:11.617" endtime="20230501 19:46:05.102"/>
</suite>
<status status="FAIL" starttime="20230501 19:44:11.543" endtime="20230501 19:46:05.109"/>
</suite>
<statistics>
<total>
<stat pass="15" fail="4" skip="0">All Tests</stat>
</total>
<tag>
<stat pass="4" fail="0" skip="0">API</stat>
<stat pass="1" fail="0" skip="0">NEWFEATURE</stat>
<stat pass="2" fail="0" skip="0">REGRESSION</stat>
<stat pass="1" fail="1" skip="0">SMOKE</stat>
</tag>
<suite>
<stat pass="15" fail="4" skip="0" id="s1" name="RobotFramework">RobotFramework</stat>
<stat pass="15" fail="4" skip="0" id="s1-s1" name="Tests">RobotFramework.Tests</stat>
<stat pass="0" fail="1" skip="0" id="s1-s1-s1" name="testDemo1">RobotFramework.Tests.testDemo1</stat>
<stat pass="0" fail="3" skip="0" id="s1-s1-s2" name="testDemo2">RobotFramework.Tests.testDemo2</stat>
<stat pass="1" fail="0" skip="0" id="s1-s1-s3" name="testDemo3">RobotFramework.Tests.testDemo3</stat>
<stat pass="3" fail="0" skip="0" id="s1-s1-s4" name="testDemo4">RobotFramework.Tests.testDemo4</stat>
<stat pass="4" fail="0" skip="0" id="s1-s1-s5" name="testDemo5">RobotFramework.Tests.testDemo5</stat>
<stat pass="3" fail="0" skip="0" id="s1-s1-s6" name="testDemo6">RobotFramework.Tests.testDemo6</stat>
<stat pass="4" fail="0" skip="0" id="s1-s1-s7" name="testDemo7">RobotFramework.Tests.testDemo7</stat>
</suite>
</statistics>
<errors>
</errors>
</robot>
