<?xml version="1.0" encoding="UTF-8"?>
<robot generator="Robot 6.0.2 (Python 3.10.0 on darwin)" generated="20230417 19:41:09.878" rpa="false" schemaversion="3">
<suite id="s1" name="Tests" source="/Users/chandrashekharsingh/Documents/RobotFramework_workSpace/RobotFramework/tests">
<suite id="s1-s1" name="testDemo3" source="/Users/chandrashekharsingh/Documents/RobotFramework_workSpace/RobotFramework/tests/testDemo3.robot">
<test id="s1-s1-t1" name="Validate Child window Functionality" line="17">
<kw name="open the browser with the Mortgage payment url" library="Generic" type="SETUP">
<kw name="Create Webdriver" library="SeleniumLibrary">
<arg>Chrome</arg>
<arg>executable_path=/Users/chandrashekharsingh/Documents/chromedriver</arg>
<doc>Creates an instance of Selenium WebDriver.</doc>
<msg timestamp="20230417 19:41:10.375" level="INFO">Creating an instance of the Chrome WebDriver.</msg>
<status status="PASS" starttime="20230417 19:41:10.373" endtime="20230417 19:41:14.037"/>
</kw>
<kw name="Go To" library="SeleniumLibrary">
<arg>${url}</arg>
<doc>Navigates the current browser window to the provided ``url``.</doc>
<msg timestamp="20230417 19:41:14.075" level="INFO">Opening url 'https://rahulshettyacademy.com/loginpagePractise/'</msg>
<status status="PASS" starttime="20230417 19:41:14.070" endtime="20230417 19:41:18.007"/>
</kw>
<status status="PASS" starttime="20230417 19:41:10.371" endtime="20230417 19:41:18.008"/>
</kw>
<kw name="Select the link of Child window">
<kw name="Click Element" library="SeleniumLibrary">
<arg>css:.blinkingText</arg>
<doc>Click the element identified by ``locator``.</doc>
<msg timestamp="20230417 19:41:18.016" level="INFO">Clicking element 'css:.blinkingText'.</msg>
<status status="PASS" starttime="20230417 19:41:18.010" endtime="20230417 19:41:18.493"/>
</kw>
<kw name="Sleep" library="BuiltIn">
<arg>5</arg>
<doc>Pauses the test executed for the given time.</doc>
<msg timestamp="20230417 19:41:23.497" level="INFO">Slept 5 seconds</msg>
<status status="PASS" starttime="20230417 19:41:18.494" endtime="20230417 19:41:23.497"/>
</kw>
<status status="PASS" starttime="20230417 19:41:18.009" endtime="20230417 19:41:23.498"/>
</kw>
<kw name="Verify the user is Switched to Child window">
<kw name="Switch Window" library="SeleniumLibrary">
<arg>NEW</arg>
<doc>Switches to browser window matching ``locator``.</doc>
<status status="PASS" starttime="20230417 19:41:23.501" endtime="20230417 19:41:23.521"/>
</kw>
<kw name="Element Text Should Be" library="SeleniumLibrary">
<arg>css:h1</arg>
<arg>DOCUMENTS REQUEST</arg>
<doc>Verifies that element ``locator`` contains exact the text ``expected``.</doc>
<msg timestamp="20230417 19:41:23.524" level="INFO">Verifying element 'css:h1' contains exact text 'DOCUMENTS REQUEST'.</msg>
<status status="PASS" starttime="20230417 19:41:23.522" endtime="20230417 19:41:23.690"/>
</kw>
<status status="PASS" starttime="20230417 19:41:23.499" endtime="20230417 19:41:23.691"/>
</kw>
<kw name="Grab the Email id in the Child Window">
<kw name="Get Text" library="SeleniumLibrary">
<var>${text}</var>
<arg>css:.red</arg>
<doc>Returns the text value of the element identified by ``locator``.</doc>
<msg timestamp="20230417 19:41:23.736" level="INFO">${text} = Please email us at mentor@rahulshettyacademy.com with below template to receive response</msg>
<status status="PASS" starttime="20230417 19:41:23.692" endtime="20230417 19:41:23.736"/>
</kw>
<kw name="Split String" library="String">
<var>@{words}</var>
<arg>${text}</arg>
<arg>at</arg>
<doc>Splits the ``string`` using ``separator`` as a delimiter string.</doc>
<msg timestamp="20230417 19:41:23.738" level="INFO">@{words} = [ Please email us  |  mentor@rahulshettyacademy.com with below templ | e to receive response ]</msg>
<status status="PASS" starttime="20230417 19:41:23.737" endtime="20230417 19:41:23.738"/>
</kw>
<kw name="Get From List" library="Collections">
<var>${text_split}</var>
<arg>${words}</arg>
<arg>1</arg>
<doc>Returns the value specified with an ``index`` from ``list``.</doc>
<msg timestamp="20230417 19:41:23.739" level="INFO">${text_split} =  mentor@rahulshettyacademy.com with below templ</msg>
<status status="PASS" starttime="20230417 19:41:23.738" endtime="20230417 19:41:23.740"/>
</kw>
<kw name="Log" library="BuiltIn">
<arg>${text_split}</arg>
<doc>Logs the given message with the given level.</doc>
<msg timestamp="20230417 19:41:23.741" level="INFO"> mentor@rahulshettyacademy.com with below templ</msg>
<status status="PASS" starttime="20230417 19:41:23.740" endtime="20230417 19:41:23.741"/>
</kw>
<kw name="Split String" library="String">
<var>@{words_2}</var>
<arg>${text_split}</arg>
<doc>Splits the ``string`` using ``separator`` as a delimiter string.</doc>
<msg timestamp="20230417 19:41:23.742" level="INFO">@{words_2} = [ mentor@rahulshettyacademy.com | with | below | templ ]</msg>
<status status="PASS" starttime="20230417 19:41:23.741" endtime="20230417 19:41:23.742"/>
</kw>
<kw name="Get From List" library="Collections">
<var>${email}</var>
<arg>${words_2}</arg>
<arg>0</arg>
<doc>Returns the value specified with an ``index`` from ``list``.</doc>
<msg timestamp="20230417 19:41:23.743" level="INFO">${email} = mentor@rahulshettyacademy.com</msg>
<status status="PASS" starttime="20230417 19:41:23.743" endtime="20230417 19:41:23.744"/>
</kw>
<kw name="Set Global Variable" library="BuiltIn">
<arg>${email}</arg>
<doc>Makes a variable available globally in all tests and suites.</doc>
<msg timestamp="20230417 19:41:23.747" level="INFO">${email} = mentor@rahulshettyacademy.com</msg>
<status status="PASS" starttime="20230417 19:41:23.744" endtime="20230417 19:41:23.747"/>
</kw>
<status status="PASS" starttime="20230417 19:41:23.691" endtime="20230417 19:41:23.748"/>
</kw>
<kw name="Switch to Parent window and enter the Email">
<kw name="Switch Window" library="SeleniumLibrary">
<arg>MAIN</arg>
<doc>Switches to browser window matching ``locator``.</doc>
<status status="PASS" starttime="20230417 19:41:23.750" endtime="20230417 19:41:23.772"/>
</kw>
<kw name="Title Should Be" library="SeleniumLibrary">
<arg>LoginPage Practise | Rahul Shetty Academy</arg>
<doc>Verifies that the current page title equals ``title``.</doc>
<msg timestamp="20230417 19:41:23.789" level="INFO">Page title is 'LoginPage Practise | Rahul Shetty Academy'.</msg>
<status status="PASS" starttime="20230417 19:41:23.773" endtime="20230417 19:41:23.789"/>
</kw>
<kw name="Input Text" library="SeleniumLibrary">
<arg>id:username</arg>
<arg>${email}</arg>
<doc>Types the given ``text`` into the text field identified by ``locator``.</doc>
<msg timestamp="20230417 19:41:23.793" level="INFO">Typing text 'mentor@rahulshettyacademy.com' into text field 'id:username'.</msg>
<status status="PASS" starttime="20230417 19:41:23.790" endtime="20230417 19:41:24.251"/>
</kw>
<status status="PASS" starttime="20230417 19:41:23.749" endtime="20230417 19:41:24.252"/>
</kw>
<kw name="Close Browser" library="SeleniumLibrary" type="TEARDOWN">
<doc>Closes the current browser.</doc>
<status status="PASS" starttime="20230417 19:41:24.253" endtime="20230417 19:41:24.598"/>
</kw>
<tag>NEWFEATURE</tag>
<status status="PASS" starttime="20230417 19:41:10.370" endtime="20230417 19:41:24.599"/>
</test>
<doc>To validate the Login form</doc>
<status status="PASS" starttime="20230417 19:41:09.935" endtime="20230417 19:41:24.602"/>
</suite>
<status status="PASS" starttime="20230417 19:41:09.891" endtime="20230417 19:41:24.608"/>
</suite>
<statistics>
<total>
<stat pass="1" fail="0" skip="0">All Tests</stat>
</total>
<tag>
<stat pass="1" fail="0" skip="0">NEWFEATURE</stat>
</tag>
<suite>
<stat pass="1" fail="0" skip="0" id="s1" name="Tests">Tests</stat>
<stat pass="1" fail="0" skip="0" id="s1-s1" name="testDemo3">Tests.testDemo3</stat>
</suite>
</statistics>
<errors>
</errors>
</robot>
