<?xml version="1.0" encoding="UTF-8"?>
<robot generator="Robot 6.0.2 (Python 3.10.0 on darwin)" generated="20230417 19:41:09.871" rpa="false" schemaversion="3">
<suite id="s1" name="Tests" source="/Users/chandrashekharsingh/Documents/RobotFramework_workSpace/RobotFramework/tests">
<suite id="s1-s1" name="testDemo4" source="/Users/chandrashekharsingh/Documents/RobotFramework_workSpace/RobotFramework/tests/testDemo4.robot">
<test id="s1-s1-t1" name="Invalid username" line="14">
<kw name="Validate UnSuccesful Login">
<arg>dsahed</arg>
<arg>learning</arg>
<kw name="open the browser with the Mortgage payment url">
<kw name="Create Webdriver" library="SeleniumLibrary">
<arg>Chrome</arg>
<arg>executable_path=/Users/rahulshetty/Documents/chromedriver</arg>
<doc>Creates an instance of Selenium WebDriver.</doc>
<msg timestamp="20230417 19:41:10.313" level="INFO">Creating an instance of the Chrome WebDriver.</msg>
<status status="PASS" starttime="20230417 19:41:10.312" endtime="20230417 19:41:14.131"/>
</kw>
<kw name="Go To" library="SeleniumLibrary">
<arg>https://rahulshettyacademy.com/loginpagePractise/</arg>
<doc>Navigates the current browser window to the provided ``url``.</doc>
<msg timestamp="20230417 19:41:14.160" level="INFO">Opening url 'https://rahulshettyacademy.com/loginpagePractise/'</msg>
<status status="PASS" starttime="20230417 19:41:14.137" endtime="20230417 19:41:20.472"/>
</kw>
<status status="PASS" starttime="20230417 19:41:10.311" endtime="20230417 19:41:20.473"/>
</kw>
<kw name="Fill the login Form">
<arg>${username}</arg>
<arg>${password}</arg>
<kw name="Input Text" library="SeleniumLibrary">
<arg>id:username</arg>
<arg>${username}</arg>
<doc>Types the given ``text`` into the text field identified by ``locator``.</doc>
<msg timestamp="20230417 19:41:20.481" level="INFO">Typing text 'dsahed' into text field 'id:username'.</msg>
<status status="PASS" starttime="20230417 19:41:20.476" endtime="20230417 19:41:21.053"/>
</kw>
<kw name="Input Password" library="SeleniumLibrary">
<arg>id:password</arg>
<arg>${password}</arg>
<doc>Types the given password into the text field identified by ``locator``.</doc>
<msg timestamp="20230417 19:41:21.055" level="INFO">Typing password into text field 'id:password'.</msg>
<msg timestamp="20230417 19:41:21.257" level="INFO">Temporally setting log level to: NONE</msg>
<msg timestamp="20230417 19:41:21.485" level="INFO">Log level changed from NONE to INFO.</msg>
<status status="PASS" starttime="20230417 19:41:21.053" endtime="20230417 19:41:21.485"/>
</kw>
<kw name="Click Button" library="SeleniumLibrary">
<arg>signInBtn</arg>
<doc>Clicks the button identified by ``locator``.</doc>
<msg timestamp="20230417 19:41:21.488" level="INFO">Clicking button 'signInBtn'.</msg>
<status status="PASS" starttime="20230417 19:41:21.486" endtime="20230417 19:41:21.661"/>
</kw>
<status status="PASS" starttime="20230417 19:41:20.474" endtime="20230417 19:41:21.661"/>
</kw>
<kw name="wait until it checks and display error message">
<kw name="Wait Until Element Is Visible" library="SeleniumLibrary">
<arg>${Error_Message_Login}</arg>
<doc>Waits until the element ``locator`` is visible.</doc>
<status status="PASS" starttime="20230417 19:41:21.663" endtime="20230417 19:41:23.876"/>
</kw>
<status status="PASS" starttime="20230417 19:41:21.662" endtime="20230417 19:41:23.877"/>
</kw>
<kw name="verify error message is correct">
<kw name="Get Text" library="SeleniumLibrary">
<var>${result}</var>
<arg>${Error_Message_Login}</arg>
<doc>Returns the text value of the element identified by ``locator``.</doc>
<msg timestamp="20230417 19:41:23.912" level="INFO">${result} = Incorrect username/password.</msg>
<status status="PASS" starttime="20230417 19:41:23.879" endtime="20230417 19:41:23.912"/>
</kw>
<kw name="Should Be Equal As Strings" library="BuiltIn">
<arg>${result}</arg>
<arg>Incorrect username/password.</arg>
<doc>Fails if objects are unequal after converting them to strings.</doc>
<status status="PASS" starttime="20230417 19:41:23.912" endtime="20230417 19:41:23.914"/>
</kw>
<kw name="Element Text Should Be" library="SeleniumLibrary">
<arg>${Error_Message_Login}</arg>
<arg>Incorrect username/password.</arg>
<doc>Verifies that element ``locator`` contains exact the text ``expected``.</doc>
<msg timestamp="20230417 19:41:23.916" level="INFO">Verifying element 'css:.alert-danger' contains exact text 'Incorrect username/password.'.</msg>
<status status="PASS" starttime="20230417 19:41:23.914" endtime="20230417 19:41:23.937"/>
</kw>
<status status="PASS" starttime="20230417 19:41:23.877" endtime="20230417 19:41:23.937"/>
</kw>
<status status="PASS" starttime="20230417 19:41:10.310" endtime="20230417 19:41:23.938"/>
</kw>
<kw name="Close Browser" library="SeleniumLibrary" type="TEARDOWN">
<doc>Closes the current browser.</doc>
<status status="PASS" starttime="20230417 19:41:23.939" endtime="20230417 19:41:24.094"/>
</kw>
<status status="PASS" starttime="20230417 19:41:10.306" endtime="20230417 19:41:24.094"/>
</test>
<test id="s1-s1-t2" name="Invalid password" line="15">
<kw name="Validate UnSuccesful Login">
<arg>rahulshetty</arg>
<arg>ploudfg</arg>
<kw name="open the browser with the Mortgage payment url">
<kw name="Create Webdriver" library="SeleniumLibrary">
<arg>Chrome</arg>
<arg>executable_path=/Users/rahulshetty/Documents/chromedriver</arg>
<doc>Creates an instance of Selenium WebDriver.</doc>
<msg timestamp="20230417 19:41:24.100" level="INFO">Creating an instance of the Chrome WebDriver.</msg>
<status status="PASS" starttime="20230417 19:41:24.099" endtime="20230417 19:41:27.470"/>
</kw>
<kw name="Go To" library="SeleniumLibrary">
<arg>https://rahulshettyacademy.com/loginpagePractise/</arg>
<doc>Navigates the current browser window to the provided ``url``.</doc>
<msg timestamp="20230417 19:41:27.472" level="INFO">Opening url 'https://rahulshettyacademy.com/loginpagePractise/'</msg>
<status status="PASS" starttime="20230417 19:41:27.471" endtime="20230417 19:41:28.757"/>
</kw>
<status status="PASS" starttime="20230417 19:41:24.099" endtime="20230417 19:41:28.758"/>
</kw>
<kw name="Fill the login Form">
<arg>${username}</arg>
<arg>${password}</arg>
<kw name="Input Text" library="SeleniumLibrary">
<arg>id:username</arg>
<arg>${username}</arg>
<doc>Types the given ``text`` into the text field identified by ``locator``.</doc>
<msg timestamp="20230417 19:41:28.762" level="INFO">Typing text 'rahulshetty' into text field 'id:username'.</msg>
<status status="PASS" starttime="20230417 19:41:28.760" endtime="20230417 19:41:29.083"/>
</kw>
<kw name="Input Password" library="SeleniumLibrary">
<arg>id:password</arg>
<arg>${password}</arg>
<doc>Types the given password into the text field identified by ``locator``.</doc>
<msg timestamp="20230417 19:41:29.085" level="INFO">Typing password into text field 'id:password'.</msg>
<msg timestamp="20230417 19:41:29.193" level="INFO">Temporally setting log level to: NONE</msg>
<msg timestamp="20230417 19:41:29.304" level="INFO">Log level changed from NONE to INFO.</msg>
<status status="PASS" starttime="20230417 19:41:29.083" endtime="20230417 19:41:29.304"/>
</kw>
<kw name="Click Button" library="SeleniumLibrary">
<arg>signInBtn</arg>
<doc>Clicks the button identified by ``locator``.</doc>
<msg timestamp="20230417 19:41:29.306" level="INFO">Clicking button 'signInBtn'.</msg>
<status status="PASS" starttime="20230417 19:41:29.305" endtime="20230417 19:41:29.495"/>
</kw>
<status status="PASS" starttime="20230417 19:41:28.758" endtime="20230417 19:41:29.495"/>
</kw>
<kw name="wait until it checks and display error message">
<kw name="Wait Until Element Is Visible" library="SeleniumLibrary">
<arg>${Error_Message_Login}</arg>
<doc>Waits until the element ``locator`` is visible.</doc>
<status status="PASS" starttime="20230417 19:41:29.497" endtime="20230417 19:41:31.524"/>
</kw>
<status status="PASS" starttime="20230417 19:41:29.496" endtime="20230417 19:41:31.525"/>
</kw>
<kw name="verify error message is correct">
<kw name="Get Text" library="SeleniumLibrary">
<var>${result}</var>
<arg>${Error_Message_Login}</arg>
<doc>Returns the text value of the element identified by ``locator``.</doc>
<msg timestamp="20230417 19:41:31.569" level="INFO">${result} = Incorrect username/password.</msg>
<status status="PASS" starttime="20230417 19:41:31.527" endtime="20230417 19:41:31.570"/>
</kw>
<kw name="Should Be Equal As Strings" library="BuiltIn">
<arg>${result}</arg>
<arg>Incorrect username/password.</arg>
<doc>Fails if objects are unequal after converting them to strings.</doc>
<status status="PASS" starttime="20230417 19:41:31.570" endtime="20230417 19:41:31.571"/>
</kw>
<kw name="Element Text Should Be" library="SeleniumLibrary">
<arg>${Error_Message_Login}</arg>
<arg>Incorrect username/password.</arg>
<doc>Verifies that element ``locator`` contains exact the text ``expected``.</doc>
<msg timestamp="20230417 19:41:31.573" level="INFO">Verifying element 'css:.alert-danger' contains exact text 'Incorrect username/password.'.</msg>
<status status="PASS" starttime="20230417 19:41:31.571" endtime="20230417 19:41:31.606"/>
</kw>
<status status="PASS" starttime="20230417 19:41:31.525" endtime="20230417 19:41:31.607"/>
</kw>
<status status="PASS" starttime="20230417 19:41:24.098" endtime="20230417 19:41:31.607"/>
</kw>
<kw name="Close Browser" library="SeleniumLibrary" type="TEARDOWN">
<doc>Closes the current browser.</doc>
<status status="PASS" starttime="20230417 19:41:31.608" endtime="20230417 19:41:31.745"/>
</kw>
<status status="PASS" starttime="20230417 19:41:24.096" endtime="20230417 19:41:31.746"/>
</test>
<test id="s1-s1-t3" name="special characters" line="16">
<kw name="Validate UnSuccesful Login">
<arg>@#$</arg>
<arg>learning</arg>
<kw name="open the browser with the Mortgage payment url">
<kw name="Create Webdriver" library="SeleniumLibrary">
<arg>Chrome</arg>
<arg>executable_path=/Users/rahulshetty/Documents/chromedriver</arg>
<doc>Creates an instance of Selenium WebDriver.</doc>
<msg timestamp="20230417 19:41:31.753" level="INFO">Creating an instance of the Chrome WebDriver.</msg>
<status status="PASS" starttime="20230417 19:41:31.751" endtime="20230417 19:41:35.625"/>
</kw>
<kw name="Go To" library="SeleniumLibrary">
<arg>https://rahulshettyacademy.com/loginpagePractise/</arg>
<doc>Navigates the current browser window to the provided ``url``.</doc>
<msg timestamp="20230417 19:41:35.627" level="INFO">Opening url 'https://rahulshettyacademy.com/loginpagePractise/'</msg>
<status status="PASS" starttime="20230417 19:41:35.626" endtime="20230417 19:41:39.628"/>
</kw>
<status status="PASS" starttime="20230417 19:41:31.750" endtime="20230417 19:41:39.629"/>
</kw>
<kw name="Fill the login Form">
<arg>${username}</arg>
<arg>${password}</arg>
<kw name="Input Text" library="SeleniumLibrary">
<arg>id:username</arg>
<arg>${username}</arg>
<doc>Types the given ``text`` into the text field identified by ``locator``.</doc>
<msg timestamp="20230417 19:41:39.634" level="INFO">Typing text '@#$' into text field 'id:username'.</msg>
<status status="PASS" starttime="20230417 19:41:39.632" endtime="20230417 19:41:40.070"/>
</kw>
<kw name="Input Password" library="SeleniumLibrary">
<arg>id:password</arg>
<arg>${password}</arg>
<doc>Types the given password into the text field identified by ``locator``.</doc>
<msg timestamp="20230417 19:41:40.072" level="INFO">Typing password into text field 'id:password'.</msg>
<msg timestamp="20230417 19:41:40.185" level="INFO">Temporally setting log level to: NONE</msg>
<msg timestamp="20230417 19:41:40.459" level="INFO">Log level changed from NONE to INFO.</msg>
<status status="PASS" starttime="20230417 19:41:40.070" endtime="20230417 19:41:40.459"/>
</kw>
<kw name="Click Button" library="SeleniumLibrary">
<arg>signInBtn</arg>
<doc>Clicks the button identified by ``locator``.</doc>
<msg timestamp="20230417 19:41:40.460" level="INFO">Clicking button 'signInBtn'.</msg>
<status status="PASS" starttime="20230417 19:41:40.459" endtime="20230417 19:41:40.648"/>
</kw>
<status status="PASS" starttime="20230417 19:41:39.630" endtime="20230417 19:41:40.648"/>
</kw>
<kw name="wait until it checks and display error message">
<kw name="Wait Until Element Is Visible" library="SeleniumLibrary">
<arg>${Error_Message_Login}</arg>
<doc>Waits until the element ``locator`` is visible.</doc>
<status status="PASS" starttime="20230417 19:41:40.650" endtime="20230417 19:41:42.773"/>
</kw>
<status status="PASS" starttime="20230417 19:41:40.649" endtime="20230417 19:41:42.773"/>
</kw>
<kw name="verify error message is correct">
<kw name="Get Text" library="SeleniumLibrary">
<var>${result}</var>
<arg>${Error_Message_Login}</arg>
<doc>Returns the text value of the element identified by ``locator``.</doc>
<msg timestamp="20230417 19:41:42.811" level="INFO">${result} = Incorrect username/password.</msg>
<status status="PASS" starttime="20230417 19:41:42.775" endtime="20230417 19:41:42.811"/>
</kw>
<kw name="Should Be Equal As Strings" library="BuiltIn">
<arg>${result}</arg>
<arg>Incorrect username/password.</arg>
<doc>Fails if objects are unequal after converting them to strings.</doc>
<status status="PASS" starttime="20230417 19:41:42.812" endtime="20230417 19:41:42.813"/>
</kw>
<kw name="Element Text Should Be" library="SeleniumLibrary">
<arg>${Error_Message_Login}</arg>
<arg>Incorrect username/password.</arg>
<doc>Verifies that element ``locator`` contains exact the text ``expected``.</doc>
<msg timestamp="20230417 19:41:42.815" level="INFO">Verifying element 'css:.alert-danger' contains exact text 'Incorrect username/password.'.</msg>
<status status="PASS" starttime="20230417 19:41:42.813" endtime="20230417 19:41:42.837"/>
</kw>
<status status="PASS" starttime="20230417 19:41:42.774" endtime="20230417 19:41:42.837"/>
</kw>
<status status="PASS" starttime="20230417 19:41:31.749" endtime="20230417 19:41:42.838"/>
</kw>
<kw name="Close Browser" library="SeleniumLibrary" type="TEARDOWN">
<doc>Closes the current browser.</doc>
<status status="PASS" starttime="20230417 19:41:42.839" endtime="20230417 19:41:43.001"/>
</kw>
<status status="PASS" starttime="20230417 19:41:31.748" endtime="20230417 19:41:43.002"/>
</test>
<doc>To validate the Login form</doc>
<status status="PASS" starttime="20230417 19:41:09.934" endtime="20230417 19:41:43.005"/>
</suite>
<status status="PASS" starttime="20230417 19:41:09.890" endtime="20230417 19:41:43.009"/>
</suite>
<statistics>
<total>
<stat pass="3" fail="0" skip="0">All Tests</stat>
</total>
<tag>
</tag>
<suite>
<stat pass="3" fail="0" skip="0" id="s1" name="Tests">Tests</stat>
<stat pass="3" fail="0" skip="0" id="s1-s1" name="testDemo4">Tests.testDemo4</stat>
</suite>
</statistics>
<errors>
</errors>
</robot>
