<?xml version="1.0" encoding="UTF-8"?>
<robot generator="Robot 6.0.2 (Python 3.10.0 on darwin)" generated="20230417 19:41:26.813" rpa="false" schemaversion="3">
<suite id="s1" name="Tests" source="/Users/chandrashekharsingh/Documents/RobotFramework_workSpace/RobotFramework/tests">
<suite id="s1-s1" name="testDemo6" source="/Users/chandrashekharsingh/Documents/RobotFramework_workSpace/RobotFramework/tests/testDemo6.robot">
<test id="s1-s1-t1" name="Validate UnSuccesful Login" line="24">
<kw name="open the browser with the Mortgage payment url" library="Generic" type="SETUP">
<kw name="Create Webdriver" library="SeleniumLibrary">
<arg>Chrome</arg>
<arg>executable_path=/Users/chandrashekharsingh/Documents/chromedriver</arg>
<doc>Creates an instance of Selenium WebDriver.</doc>
<msg timestamp="20230417 19:41:28.544" level="INFO">Creating an instance of the Chrome WebDriver.</msg>
<status status="PASS" starttime="20230417 19:41:28.543" endtime="20230417 19:41:32.074"/>
</kw>
<kw name="Go To" library="SeleniumLibrary">
<arg>${url}</arg>
<doc>Navigates the current browser window to the provided ``url``.</doc>
<msg timestamp="20230417 19:41:32.085" level="INFO">Opening url 'https://rahulshettyacademy.com/loginpagePractise/'</msg>
<status status="PASS" starttime="20230417 19:41:32.082" endtime="20230417 19:41:32.900"/>
</kw>
<status status="PASS" starttime="20230417 19:41:28.542" endtime="20230417 19:41:32.901"/>
</kw>
<kw name="Fill the login Form" library="LandingPage">
<arg>${user_name}</arg>
<arg>${invalid_password}</arg>
<kw name="Input Text" library="SeleniumLibrary">
<arg>id:username</arg>
<arg>${username}</arg>
<doc>Types the given ``text`` into the text field identified by ``locator``.</doc>
<msg timestamp="20230417 19:41:32.907" level="INFO">Typing text 'rahulshettyacademy' into text field 'id:username'.</msg>
<status status="PASS" starttime="20230417 19:41:32.904" endtime="20230417 19:41:33.286"/>
</kw>
<kw name="Input Password" library="SeleniumLibrary">
<arg>id:password</arg>
<arg>${password}</arg>
<doc>Types the given password into the text field identified by ``locator``.</doc>
<msg timestamp="20230417 19:41:33.289" level="INFO">Typing password into text field 'id:password'.</msg>
<msg timestamp="20230417 19:41:33.406" level="INFO">Temporally setting log level to: NONE</msg>
<msg timestamp="20230417 19:41:33.504" level="INFO">Log level changed from NONE to INFO.</msg>
<status status="PASS" starttime="20230417 19:41:33.287" endtime="20230417 19:41:33.504"/>
</kw>
<kw name="Click Button" library="SeleniumLibrary">
<arg>signInBtn</arg>
<doc>Clicks the button identified by ``locator``.</doc>
<msg timestamp="20230417 19:41:33.506" level="INFO">Clicking button 'signInBtn'.</msg>
<status status="PASS" starttime="20230417 19:41:33.505" endtime="20230417 19:41:34.032"/>
</kw>
<status status="PASS" starttime="20230417 19:41:32.902" endtime="20230417 19:41:34.033"/>
</kw>
<kw name="wait until Element is located in the page" library="LandingPage">
<kw name="Wait Until element passed is located on Page" library="Generic">
<arg>${Error_Message_Login}</arg>
<kw name="Wait Until Element Is Visible" library="SeleniumLibrary">
<arg>${page_locator}</arg>
<arg>timeout=10</arg>
<doc>Waits until the element ``locator`` is visible.</doc>
<status status="PASS" starttime="20230417 19:41:34.036" endtime="20230417 19:41:36.105"/>
</kw>
<status status="PASS" starttime="20230417 19:41:34.035" endtime="20230417 19:41:36.105"/>
</kw>
<status status="PASS" starttime="20230417 19:41:34.034" endtime="20230417 19:41:36.106"/>
</kw>
<kw name="verify error message is correct" library="LandingPage">
<kw name="Get Text" library="SeleniumLibrary">
<var>${result}</var>
<arg>${Error_Message_Login}</arg>
<doc>Returns the text value of the element identified by ``locator``.</doc>
<msg timestamp="20230417 19:41:36.139" level="INFO">${result} = Incorrect username/password.</msg>
<status status="PASS" starttime="20230417 19:41:36.107" endtime="20230417 19:41:36.139"/>
</kw>
<kw name="Should Be Equal As Strings" library="BuiltIn">
<arg>${result}</arg>
<arg>Incorrect username/password.</arg>
<doc>Fails if objects are unequal after converting them to strings.</doc>
<status status="PASS" starttime="20230417 19:41:36.140" endtime="20230417 19:41:36.141"/>
</kw>
<kw name="Element Text Should Be" library="SeleniumLibrary">
<arg>${Error_Message_Login}</arg>
<arg>Incorrect username/password.</arg>
<doc>Verifies that element ``locator`` contains exact the text ``expected``.</doc>
<msg timestamp="20230417 19:41:36.143" level="INFO">Verifying element 'css:.alert-danger' contains exact text 'Incorrect username/password.'.</msg>
<status status="PASS" starttime="20230417 19:41:36.141" endtime="20230417 19:41:36.168"/>
</kw>
<status status="PASS" starttime="20230417 19:41:36.106" endtime="20230417 19:41:36.169"/>
</kw>
<kw name="Close Browser session" library="Generic" type="TEARDOWN">
<kw name="Close Browser" library="SeleniumLibrary">
<doc>Closes the current browser.</doc>
<status status="PASS" starttime="20230417 19:41:36.170" endtime="20230417 19:41:36.388"/>
</kw>
<status status="PASS" starttime="20230417 19:41:36.169" endtime="20230417 19:41:36.388"/>
</kw>
<tag>REGRESSION</tag>
<tag>SMOKE</tag>
<status status="PASS" starttime="20230417 19:41:28.540" endtime="20230417 19:41:36.388"/>
</test>
<test id="s1-s1-t2" name="End to end ecommerce Product validation" line="32">
<kw name="open the browser with the Mortgage payment url" library="Generic" type="SETUP">
<kw name="Create Webdriver" library="SeleniumLibrary">
<arg>Chrome</arg>
<arg>executable_path=/Users/chandrashekharsingh/Documents/chromedriver</arg>
<doc>Creates an instance of Selenium WebDriver.</doc>
<msg timestamp="20230417 19:41:36.393" level="INFO">Creating an instance of the Chrome WebDriver.</msg>
<status status="PASS" starttime="20230417 19:41:36.392" endtime="20230417 19:41:39.575"/>
</kw>
<kw name="Go To" library="SeleniumLibrary">
<arg>${url}</arg>
<doc>Navigates the current browser window to the provided ``url``.</doc>
<msg timestamp="20230417 19:41:39.578" level="INFO">Opening url 'https://rahulshettyacademy.com/loginpagePractise/'</msg>
<status status="PASS" starttime="20230417 19:41:39.577" endtime="20230417 19:41:42.230"/>
</kw>
<status status="PASS" starttime="20230417 19:41:36.391" endtime="20230417 19:41:42.231"/>
</kw>
<kw name="Fill the login Form" library="LandingPage">
<arg>${user_name}</arg>
<arg>${valid_password}</arg>
<kw name="Input Text" library="SeleniumLibrary">
<arg>id:username</arg>
<arg>${username}</arg>
<doc>Types the given ``text`` into the text field identified by ``locator``.</doc>
<msg timestamp="20230417 19:41:42.236" level="INFO">Typing text 'rahulshettyacademy' into text field 'id:username'.</msg>
<status status="PASS" starttime="20230417 19:41:42.233" endtime="20230417 19:41:42.653"/>
</kw>
<kw name="Input Password" library="SeleniumLibrary">
<arg>id:password</arg>
<arg>${password}</arg>
<doc>Types the given password into the text field identified by ``locator``.</doc>
<msg timestamp="20230417 19:41:42.655" level="INFO">Typing password into text field 'id:password'.</msg>
<msg timestamp="20230417 19:41:42.814" level="INFO">Temporally setting log level to: NONE</msg>
<msg timestamp="20230417 19:41:43.074" level="INFO">Log level changed from NONE to INFO.</msg>
<status status="PASS" starttime="20230417 19:41:42.654" endtime="20230417 19:41:43.074"/>
</kw>
<kw name="Click Button" library="SeleniumLibrary">
<arg>signInBtn</arg>
<doc>Clicks the button identified by ``locator``.</doc>
<msg timestamp="20230417 19:41:43.076" level="INFO">Clicking button 'signInBtn'.</msg>
<status status="PASS" starttime="20230417 19:41:43.075" endtime="20230417 19:41:43.294"/>
</kw>
<status status="PASS" starttime="20230417 19:41:42.232" endtime="20230417 19:41:43.295"/>
</kw>
<kw name="wait until Element is located in the page" library="ShopPage">
<kw name="Wait Until element passed is located on Page" library="Generic">
<arg>${Shop_page_load}</arg>
<kw name="Wait Until Element Is Visible" library="SeleniumLibrary">
<arg>${page_locator}</arg>
<arg>timeout=10</arg>
<doc>Waits until the element ``locator`` is visible.</doc>
<status status="PASS" starttime="20230417 19:41:43.299" endtime="20230417 19:41:48.762"/>
</kw>
<status status="PASS" starttime="20230417 19:41:43.298" endtime="20230417 19:41:48.762"/>
</kw>
<status status="PASS" starttime="20230417 19:41:43.296" endtime="20230417 19:41:48.762"/>
</kw>
<kw name="Verify Card titles in the Shop page" library="ShopPage">
<kw name="Create List" library="BuiltIn">
<var>@{expectedList}</var>
<arg>iphone X</arg>
<arg>Samsung Note 8</arg>
<arg>Nokia Edge</arg>
<arg>Blackberry</arg>
<doc>Returns a list containing given items.</doc>
<msg timestamp="20230417 19:41:48.764" level="INFO">@{expectedList} = [ iphone X | Samsung Note 8 | Nokia Edge | Blackberry ]</msg>
<status status="PASS" starttime="20230417 19:41:48.763" endtime="20230417 19:41:48.764"/>
</kw>
<kw name="Get WebElements" library="SeleniumLibrary">
<var>${elements}</var>
<arg>css:.card-title</arg>
<doc>Returns a list of WebElement objects matching the ``locator``.</doc>
<msg timestamp="20230417 19:41:48.777" level="INFO">${elements} = [&lt;selenium.webdriver.remote.webelement.WebElement (session="20e4d3d1152892def8d9ed5305af4c52", element="db17d4f5-ae36-46d5-a08e-388fba95df04")&gt;, &lt;selenium.webdriver.remote.webelement.WebElement (sessi...</msg>
<status status="PASS" starttime="20230417 19:41:48.764" endtime="20230417 19:41:48.777"/>
</kw>
<kw name="Create List" library="BuiltIn">
<var>@{actualList}</var>
<doc>Returns a list containing given items.</doc>
<msg timestamp="20230417 19:41:48.778" level="INFO">@{actualList} = [ ]</msg>
<status status="PASS" starttime="20230417 19:41:48.777" endtime="20230417 19:41:48.778"/>
</kw>
<for flavor="IN">
<var>${element}</var>
<value>@{elements}</value>
<iter>
<var name="${element}">&lt;selenium.webdriver.remote.webelement.WebElement (session="20e4d3d1152892def8d9ed5305af4c52", element="db17d4f5-ae36-46d5-a08e-388fba95df04")&gt;</var>
<kw name="Log" library="BuiltIn">
<arg>${element.text}</arg>
<doc>Logs the given message with the given level.</doc>
<msg timestamp="20230417 19:41:48.795" level="INFO">iphone X</msg>
<status status="PASS" starttime="20230417 19:41:48.779" endtime="20230417 19:41:48.795"/>
</kw>
<kw name="Append To List" library="Collections">
<arg>${actualList}</arg>
<arg>${element.text}</arg>
<doc>Adds ``values`` to the end of ``list``.</doc>
<status status="PASS" starttime="20230417 19:41:48.795" endtime="20230417 19:41:48.807"/>
</kw>
<status status="PASS" starttime="20230417 19:41:48.778" endtime="20230417 19:41:48.807"/>
</iter>
<iter>
<var name="${element}">&lt;selenium.webdriver.remote.webelement.WebElement (session="20e4d3d1152892def8d9ed5305af4c52", element="9c48327b-4d65-4e7a-bae1-988f7652795c")&gt;</var>
<kw name="Log" library="BuiltIn">
<arg>${element.text}</arg>
<doc>Logs the given message with the given level.</doc>
<msg timestamp="20230417 19:41:48.826" level="INFO">Samsung Note 8</msg>
<status status="PASS" starttime="20230417 19:41:48.808" endtime="20230417 19:41:48.826"/>
</kw>
<kw name="Append To List" library="Collections">
<arg>${actualList}</arg>
<arg>${element.text}</arg>
<doc>Adds ``values`` to the end of ``list``.</doc>
<status status="PASS" starttime="20230417 19:41:48.827" endtime="20230417 19:41:48.838"/>
</kw>
<status status="PASS" starttime="20230417 19:41:48.807" endtime="20230417 19:41:48.838"/>
</iter>
<iter>
<var name="${element}">&lt;selenium.webdriver.remote.webelement.WebElement (session="20e4d3d1152892def8d9ed5305af4c52", element="b269b571-c02f-404f-ab4f-08456f2f784b")&gt;</var>
<kw name="Log" library="BuiltIn">
<arg>${element.text}</arg>
<doc>Logs the given message with the given level.</doc>
<msg timestamp="20230417 19:41:48.854" level="INFO">Nokia Edge</msg>
<status status="PASS" starttime="20230417 19:41:48.838" endtime="20230417 19:41:48.854"/>
</kw>
<kw name="Append To List" library="Collections">
<arg>${actualList}</arg>
<arg>${element.text}</arg>
<doc>Adds ``values`` to the end of ``list``.</doc>
<status status="PASS" starttime="20230417 19:41:48.855" endtime="20230417 19:41:48.863"/>
</kw>
<status status="PASS" starttime="20230417 19:41:48.838" endtime="20230417 19:41:48.863"/>
</iter>
<iter>
<var name="${element}">&lt;selenium.webdriver.remote.webelement.WebElement (session="20e4d3d1152892def8d9ed5305af4c52", element="04d72dc3-3e6b-4e72-adb8-9322f2a9b436")&gt;</var>
<kw name="Log" library="BuiltIn">
<arg>${element.text}</arg>
<doc>Logs the given message with the given level.</doc>
<msg timestamp="20230417 19:41:48.879" level="INFO">Blackberry</msg>
<status status="PASS" starttime="20230417 19:41:48.864" endtime="20230417 19:41:48.879"/>
</kw>
<kw name="Append To List" library="Collections">
<arg>${actualList}</arg>
<arg>${element.text}</arg>
<doc>Adds ``values`` to the end of ``list``.</doc>
<status status="PASS" starttime="20230417 19:41:48.879" endtime="20230417 19:41:48.888"/>
</kw>
<status status="PASS" starttime="20230417 19:41:48.863" endtime="20230417 19:41:48.888"/>
</iter>
<status status="PASS" starttime="20230417 19:41:48.778" endtime="20230417 19:41:48.889"/>
</for>
<kw name="Lists Should Be Equal" library="Collections">
<arg>${expectedList}</arg>
<arg>${actualList}</arg>
<doc>Fails if given lists are unequal.</doc>
<status status="PASS" starttime="20230417 19:41:48.889" endtime="20230417 19:41:48.889"/>
</kw>
<status status="PASS" starttime="20230417 19:41:48.762" endtime="20230417 19:41:48.890"/>
</kw>
<kw name="Add Items To Cart And Checkout" library="Shop">
<arg>${listofProducts}</arg>
<msg timestamp="20230417 19:41:48.922" level="INFO">Clicking button 'xpath:(//*[@class='card-footer'])[3]/button'.</msg>
<msg timestamp="20230417 19:41:49.045" level="INFO">Clicking button 'xpath:(//*[@class='card-footer'])[4]/button'.</msg>
<msg timestamp="20230417 19:41:49.131" level="INFO">Clicking link 'css:li.active a'.</msg>
<status status="PASS" starttime="20230417 19:41:48.890" endtime="20230417 19:41:49.249"/>
</kw>
<kw name="Verify items in the Checkout Page and proceed" library="CheckoutPage">
<kw name="Click Element" library="SeleniumLibrary">
<arg>css:.btn-success</arg>
<doc>Click the element identified by ``locator``.</doc>
<msg timestamp="20230417 19:41:49.253" level="INFO">Clicking element 'css:.btn-success'.</msg>
<status status="PASS" starttime="20230417 19:41:49.251" endtime="20230417 19:41:49.345"/>
</kw>
<status status="PASS" starttime="20230417 19:41:49.250" endtime="20230417 19:41:49.346"/>
</kw>
<kw name="Enter the Country and select the terms" library="ConfirmationPage">
<arg>${country_name}</arg>
<kw name="Input Text" library="SeleniumLibrary">
<arg>country</arg>
<arg>${country_name}</arg>
<doc>Types the given ``text`` into the text field identified by ``locator``.</doc>
<msg timestamp="20230417 19:41:49.350" level="INFO">Typing text 'India' into text field 'country'.</msg>
<status status="PASS" starttime="20230417 19:41:49.348" endtime="20230417 19:41:49.556"/>
</kw>
<kw name="Wait Until element passed is located on Page" library="Generic">
<arg>//a[text()='${country_name}']</arg>
<kw name="Wait Until Element Is Visible" library="SeleniumLibrary">
<arg>${page_locator}</arg>
<arg>timeout=10</arg>
<doc>Waits until the element ``locator`` is visible.</doc>
<status status="PASS" starttime="20230417 19:41:49.558" endtime="20230417 19:41:54.668"/>
</kw>
<status status="PASS" starttime="20230417 19:41:49.557" endtime="20230417 19:41:54.669"/>
</kw>
<kw name="Click Element" library="SeleniumLibrary">
<arg>//a[text()='${country_name}']</arg>
<doc>Click the element identified by ``locator``.</doc>
<msg timestamp="20230417 19:41:54.670" level="INFO">Clicking element '//a[text()='India']'.</msg>
<status status="PASS" starttime="20230417 19:41:54.669" endtime="20230417 19:41:54.711"/>
</kw>
<kw name="Sleep" library="BuiltIn">
<arg>2</arg>
<doc>Pauses the test executed for the given time.</doc>
<msg timestamp="20230417 19:41:56.712" level="INFO">Slept 2 seconds</msg>
<status status="PASS" starttime="20230417 19:41:54.711" endtime="20230417 19:41:56.713"/>
</kw>
<kw name="Click Element" library="SeleniumLibrary">
<arg>css:.checkbox label</arg>
<doc>Click the element identified by ``locator``.</doc>
<msg timestamp="20230417 19:41:56.716" level="INFO">Clicking element 'css:.checkbox label'.</msg>
<status status="PASS" starttime="20230417 19:41:56.713" endtime="20230417 19:41:56.776"/>
</kw>
<status status="PASS" starttime="20230417 19:41:49.347" endtime="20230417 19:41:56.776"/>
</kw>
<kw name="Purchase the Product and Confirm the Purchase" library="ConfirmationPage">
<kw name="Click Button" library="SeleniumLibrary">
<arg>css:.btn-success</arg>
<doc>Clicks the button identified by ``locator``.</doc>
<msg timestamp="20230417 19:41:56.778" level="INFO">Clicking button 'css:.btn-success'.</msg>
<status status="PASS" starttime="20230417 19:41:56.778" endtime="20230417 19:41:56.843"/>
</kw>
<kw name="Page Should Contain" library="SeleniumLibrary">
<arg>Success!</arg>
<doc>Verifies that current page contains ``text``.</doc>
<msg timestamp="20230417 19:41:56.867" level="INFO">Current page contains text 'Success!'.</msg>
<status status="PASS" starttime="20230417 19:41:56.843" endtime="20230417 19:41:56.867"/>
</kw>
<status status="PASS" starttime="20230417 19:41:56.777" endtime="20230417 19:41:56.868"/>
</kw>
<kw name="Close Browser session" library="Generic" type="TEARDOWN">
<kw name="Close Browser" library="SeleniumLibrary">
<doc>Closes the current browser.</doc>
<status status="PASS" starttime="20230417 19:41:56.869" endtime="20230417 19:41:57.017"/>
</kw>
<status status="PASS" starttime="20230417 19:41:56.868" endtime="20230417 19:41:57.018"/>
</kw>
<tag>REGRESSION</tag>
<status status="PASS" starttime="20230417 19:41:36.390" endtime="20230417 19:41:57.018"/>
</test>
<test id="s1-s1-t3" name="Select the Form and navigate to Child window" line="44">
<kw name="open the browser with the Mortgage payment url" library="Generic" type="SETUP">
<kw name="Create Webdriver" library="SeleniumLibrary">
<arg>Chrome</arg>
<arg>executable_path=/Users/chandrashekharsingh/Documents/chromedriver</arg>
<doc>Creates an instance of Selenium WebDriver.</doc>
<msg timestamp="20230417 19:41:57.021" level="INFO">Creating an instance of the Chrome WebDriver.</msg>
<status status="PASS" starttime="20230417 19:41:57.020" endtime="20230417 19:41:58.922"/>
</kw>
<kw name="Go To" library="SeleniumLibrary">
<arg>${url}</arg>
<doc>Navigates the current browser window to the provided ``url``.</doc>
<msg timestamp="20230417 19:41:58.924" level="INFO">Opening url 'https://rahulshettyacademy.com/loginpagePractise/'</msg>
<status status="PASS" starttime="20230417 19:41:58.923" endtime="20230417 19:41:59.599"/>
</kw>
<status status="PASS" starttime="20230417 19:41:57.020" endtime="20230417 19:41:59.600"/>
</kw>
<kw name="Fill the Login Details and Login Form" library="LandingPage">
<kw name="Input Text" library="SeleniumLibrary">
<arg>id:username</arg>
<arg>rahulshettyacademy</arg>
<doc>Types the given ``text`` into the text field identified by ``locator``.</doc>
<msg timestamp="20230417 19:41:59.604" level="INFO">Typing text 'rahulshettyacademy' into text field 'id:username'.</msg>
<status status="PASS" starttime="20230417 19:41:59.602" endtime="20230417 19:41:59.786"/>
</kw>
<kw name="Input Password" library="SeleniumLibrary">
<arg>id:password</arg>
<arg>learning</arg>
<doc>Types the given password into the text field identified by ``locator``.</doc>
<msg timestamp="20230417 19:41:59.787" level="INFO">Typing password into text field 'id:password'.</msg>
<msg timestamp="20230417 19:41:59.841" level="INFO">Temporally setting log level to: NONE</msg>
<msg timestamp="20230417 19:41:59.907" level="INFO">Log level changed from NONE to INFO.</msg>
<status status="PASS" starttime="20230417 19:41:59.786" endtime="20230417 19:41:59.907"/>
</kw>
<kw name="Click Element" library="SeleniumLibrary">
<arg>css:input[value='user']</arg>
<doc>Click the element identified by ``locator``.</doc>
<msg timestamp="20230417 19:41:59.908" level="INFO">Clicking element 'css:input[value='user']'.</msg>
<status status="PASS" starttime="20230417 19:41:59.907" endtime="20230417 19:41:59.989"/>
</kw>
<kw name="Wait Until Element Is Visible" library="SeleniumLibrary">
<arg>css:.modal-body</arg>
<doc>Waits until the element ``locator`` is visible.</doc>
<status status="PASS" starttime="20230417 19:41:59.989" endtime="20230417 19:42:00.253"/>
</kw>
<kw name="Click Button" library="SeleniumLibrary">
<arg>id:okayBtn</arg>
<doc>Clicks the button identified by ``locator``.</doc>
<msg timestamp="20230417 19:42:00.255" level="INFO">Clicking button 'id:okayBtn'.</msg>
<status status="PASS" starttime="20230417 19:42:00.254" endtime="20230417 19:42:00.341"/>
</kw>
<kw name="Click Button" library="SeleniumLibrary">
<arg>id:okayBtn</arg>
<doc>Clicks the button identified by ``locator``.</doc>
<msg timestamp="20230417 19:42:00.342" level="INFO">Clicking button 'id:okayBtn'.</msg>
<status status="PASS" starttime="20230417 19:42:00.342" endtime="20230417 19:42:00.393"/>
</kw>
<kw name="Wait Until Element Is Not Visible" library="SeleniumLibrary">
<arg>css:.modal-body</arg>
<doc>Waits until the element ``locator`` is not visible.</doc>
<status status="PASS" starttime="20230417 19:42:00.393" endtime="20230417 19:42:00.638"/>
</kw>
<kw name="Select From List By Value" library="SeleniumLibrary">
<arg>css:select.form-control</arg>
<arg>teach</arg>
<doc>Selects options from selection list ``locator`` by ``values``.</doc>
<msg timestamp="20230417 19:42:00.639" level="INFO">Selecting options from selection list 'css:select.form-control' by value teach.</msg>
<status status="PASS" starttime="20230417 19:42:00.639" endtime="20230417 19:42:00.723"/>
</kw>
<kw name="Select Checkbox" library="SeleniumLibrary">
<arg>terms</arg>
<doc>Selects the checkbox identified by ``locator``.</doc>
<msg timestamp="20230417 19:42:00.724" level="INFO">Selecting checkbox 'terms'.</msg>
<status status="PASS" starttime="20230417 19:42:00.724" endtime="20230417 19:42:00.793"/>
</kw>
<kw name="Checkbox Should Be Selected" library="SeleniumLibrary">
<arg>terms</arg>
<doc>Verifies checkbox ``locator`` is selected/checked.</doc>
<msg timestamp="20230417 19:42:00.794" level="INFO">Verifying checkbox 'terms' is selected.</msg>
<status status="PASS" starttime="20230417 19:42:00.794" endtime="20230417 19:42:00.813"/>
</kw>
<status status="PASS" starttime="20230417 19:41:59.601" endtime="20230417 19:42:00.813"/>
</kw>
<kw name="Close Browser session" library="Generic" type="TEARDOWN">
<kw name="Close Browser" library="SeleniumLibrary">
<doc>Closes the current browser.</doc>
<status status="PASS" starttime="20230417 19:42:00.814" endtime="20230417 19:42:00.938"/>
</kw>
<status status="PASS" starttime="20230417 19:42:00.813" endtime="20230417 19:42:00.939"/>
</kw>
<status status="PASS" starttime="20230417 19:41:57.019" endtime="20230417 19:42:00.939"/>
</test>
<doc>To validate the Login form</doc>
<status status="PASS" starttime="20230417 19:41:27.067" endtime="20230417 19:42:00.941"/>
</suite>
<status status="PASS" starttime="20230417 19:41:26.826" endtime="20230417 19:42:00.943"/>
</suite>
<statistics>
<total>
<stat pass="3" fail="0" skip="0">All Tests</stat>
</total>
<tag>
<stat pass="2" fail="0" skip="0">REGRESSION</stat>
<stat pass="1" fail="0" skip="0">SMOKE</stat>
</tag>
<suite>
<stat pass="3" fail="0" skip="0" id="s1" name="Tests">Tests</stat>
<stat pass="3" fail="0" skip="0" id="s1-s1" name="testDemo6">Tests.testDemo6</stat>
</suite>
</statistics>
<errors>
</errors>
</robot>
