<?xml version="1.0" encoding="UTF-8"?>
<robot generator="Robot 6.0.2 (Python 3.10.0 on darwin)" generated="20230505 09:22:30.078" rpa="false" schemaversion="3">
<suite id="s1" name="Tests" source="/Users/chandrashekharsingh/Documents/RobotFramework_workSpace/RobotFramework/tests">
<suite id="s1-s1" name="testDemo1" source="/Users/chandrashekharsingh/Documents/RobotFramework_workSpace/RobotFramework/tests/testDemo1.robot">
<test id="s1-s1-t1" name="Validate UnSuccesful Login" line="12">
<kw name="open the browser with the Mortgage payment url">
<kw name="Create Webdriver" library="SeleniumLibrary">
<arg>Chrome</arg>
<arg>executable_path=/Users/chandrashekharsingh/Documents/chromedriver</arg>
<doc>Creates an instance of Selenium WebDriver.</doc>
<msg timestamp="20230505 09:22:30.728" level="INFO">Creating an instance of the Chrome WebDriver.</msg>
<status status="PASS" starttime="20230505 09:22:30.728" endtime="20230505 09:22:35.740"/>
</kw>
<kw name="Go To" library="SeleniumLibrary">
<arg>https://rahulshettyacademy.com/loginpagePractise/</arg>
<doc>Navigates the current browser window to the provided ``url``.</doc>
<msg timestamp="20230505 09:22:35.745" level="INFO">Opening url 'https://rahulshettyacademy.com/loginpagePractise/'</msg>
<status status="PASS" starttime="20230505 09:22:35.742" endtime="20230505 09:22:38.789"/>
</kw>
<status status="PASS" starttime="20230505 09:22:30.727" endtime="20230505 09:22:38.790"/>
</kw>
<kw name="Fill the login Form">
<kw name="Input Text" library="SeleniumLibrary">
<arg>id:username</arg>
<arg>rahulshettyacademy</arg>
<doc>Types the given ``text`` into the text field identified by ``locator``.</doc>
<msg timestamp="20230505 09:22:38.794" level="INFO">Typing text 'rahulshettyacademy' into text field 'id:username'.</msg>
<status status="PASS" starttime="20230505 09:22:38.792" endtime="20230505 09:22:39.536"/>
</kw>
<kw name="Input Password" library="SeleniumLibrary">
<arg>id:password</arg>
<arg>12345678</arg>
<doc>Types the given password into the text field identified by ``locator``.</doc>
<msg timestamp="20230505 09:22:39.539" level="INFO">Typing password into text field 'id:password'.</msg>
<msg timestamp="20230505 09:22:39.814" level="INFO">Temporally setting log level to: NONE</msg>
<msg timestamp="20230505 09:22:40.172" level="INFO">Log level changed from NONE to INFO.</msg>
<status status="PASS" starttime="20230505 09:22:39.536" endtime="20230505 09:22:40.173"/>
</kw>
<kw name="Click Button" library="SeleniumLibrary">
<arg>signInBtn</arg>
<doc>Clicks the button identified by ``locator``.</doc>
<msg timestamp="20230505 09:22:40.175" level="INFO">Clicking button 'signInBtn'.</msg>
<status status="PASS" starttime="20230505 09:22:40.173" endtime="20230505 09:22:40.454"/>
</kw>
<status status="PASS" starttime="20230505 09:22:38.791" endtime="20230505 09:22:40.455"/>
</kw>
<kw name="wait until it checks and display error message">
<kw name="Wait Until Element Is Visible" library="SeleniumLibrary">
<arg>${Error_Message_Login}</arg>
<doc>Waits until the element ``locator`` is visible.</doc>
<status status="PASS" starttime="20230505 09:22:40.456" endtime="20230505 09:22:42.939"/>
</kw>
<status status="PASS" starttime="20230505 09:22:40.455" endtime="20230505 09:22:42.940"/>
</kw>
<kw name="verify error message is correct">
<kw name="Get Text" library="SeleniumLibrary">
<var>${result}</var>
<arg>${Error_Message_Login}</arg>
<doc>Returns the text value of the element identified by ``locator``.</doc>
<msg timestamp="20230505 09:22:42.996" level="INFO">${result} = Incorrect username/password.</msg>
<status status="PASS" starttime="20230505 09:22:42.941" endtime="20230505 09:22:42.997"/>
</kw>
<kw name="Should Be Equal As Strings" library="BuiltIn">
<arg>${result}</arg>
<arg>Incorrect username/password.</arg>
<doc>Fails if objects are unequal after converting them to strings.</doc>
<status status="PASS" starttime="20230505 09:22:43.027" endtime="20230505 09:22:43.030"/>
</kw>
<kw name="Element Text Should Be" library="SeleniumLibrary">
<arg>${Error_Message_Login}</arg>
<arg>Incorrect username/password.</arg>
<doc>Verifies that element ``locator`` contains exact the text ``expected``.</doc>
<msg timestamp="20230505 09:22:43.086" level="INFO">Verifying element 'css:.alert-danger' contains exact text 'Incorrect username/password.'.</msg>
<status status="PASS" starttime="20230505 09:22:43.030" endtime="20230505 09:22:43.114"/>
</kw>
<status status="PASS" starttime="20230505 09:22:42.940" endtime="20230505 09:22:43.118"/>
</kw>
<doc>Validate Unsuccesful Login</doc>
<status status="PASS" starttime="20230505 09:22:30.724" endtime="20230505 09:22:43.118"/>
</test>
<doc>To validate the Login form</doc>
<status status="PASS" starttime="20230505 09:22:30.147" endtime="20230505 09:22:43.122"/>
</suite>
<status status="PASS" starttime="20230505 09:22:30.098" endtime="20230505 09:22:43.126"/>
</suite>
<statistics>
<total>
<stat pass="1" fail="0" skip="0">All Tests</stat>
</total>
<tag>
</tag>
<suite>
<stat pass="1" fail="0" skip="0" id="s1" name="Tests">Tests</stat>
<stat pass="1" fail="0" skip="0" id="s1-s1" name="testDemo1">Tests.testDemo1</stat>
</suite>
</statistics>
<errors>
</errors>
</robot>
