<?xml version="1.0" encoding="UTF-8"?>
<robot generator="Robot 6.0.2 (Python 3.10.0 on darwin)" generated="20230505 09:22:30.073" rpa="false" schemaversion="3">
<suite id="s1" name="Tests" source="/Users/chandrashekharsingh/Documents/RobotFramework_workSpace/RobotFramework/tests">
<suite id="s1-s1" name="testDemo4" source="/Users/chandrashekharsingh/Documents/RobotFramework_workSpace/RobotFramework/tests/testDemo4.robot">
<test id="s1-s1-t1" name="Invalid username" line="14">
<kw name="Validate UnSuccesful Login">
<arg>dsahed</arg>
<arg>learning</arg>
<kw name="open the browser with the Mortgage payment url">
<kw name="Create Webdriver" library="SeleniumLibrary">
<arg>Chrome</arg>
<arg>executable_path=/Users/rahulshetty/Documents/chromedriver</arg>
<doc>Creates an instance of Selenium WebDriver.</doc>
<msg timestamp="20230505 09:22:30.723" level="INFO">Creating an instance of the Chrome WebDriver.</msg>
<status status="PASS" starttime="20230505 09:22:30.722" endtime="20230505 09:22:36.158"/>
</kw>
<kw name="Go To" library="SeleniumLibrary">
<arg>https://rahulshettyacademy.com/loginpagePractise/</arg>
<doc>Navigates the current browser window to the provided ``url``.</doc>
<msg timestamp="20230505 09:22:36.161" level="INFO">Opening url 'https://rahulshettyacademy.com/loginpagePractise/'</msg>
<status status="PASS" starttime="20230505 09:22:36.160" endtime="20230505 09:22:39.915"/>
</kw>
<status status="PASS" starttime="20230505 09:22:30.722" endtime="20230505 09:22:39.916"/>
</kw>
<kw name="Fill the login Form">
<arg>${username}</arg>
<arg>${password}</arg>
<kw name="Input Text" library="SeleniumLibrary">
<arg>id:username</arg>
<arg>${username}</arg>
<doc>Types the given ``text`` into the text field identified by ``locator``.</doc>
<msg timestamp="20230505 09:22:39.924" level="INFO">Typing text 'dsahed' into text field 'id:username'.</msg>
<status status="PASS" starttime="20230505 09:22:39.920" endtime="20230505 09:22:40.427"/>
</kw>
<kw name="Input Password" library="SeleniumLibrary">
<arg>id:password</arg>
<arg>${password}</arg>
<doc>Types the given password into the text field identified by ``locator``.</doc>
<msg timestamp="20230505 09:22:40.429" level="INFO">Typing password into text field 'id:password'.</msg>
<msg timestamp="20230505 09:22:40.658" level="INFO">Temporally setting log level to: NONE</msg>
<msg timestamp="20230505 09:22:40.962" level="INFO">Log level changed from NONE to INFO.</msg>
<status status="PASS" starttime="20230505 09:22:40.427" endtime="20230505 09:22:40.962"/>
</kw>
<kw name="Click Button" library="SeleniumLibrary">
<arg>signInBtn</arg>
<doc>Clicks the button identified by ``locator``.</doc>
<msg timestamp="20230505 09:22:40.964" level="INFO">Clicking button 'signInBtn'.</msg>
<status status="PASS" starttime="20230505 09:22:40.962" endtime="20230505 09:22:41.391"/>
</kw>
<status status="PASS" starttime="20230505 09:22:39.917" endtime="20230505 09:22:41.391"/>
</kw>
<kw name="wait until it checks and display error message">
<kw name="Wait Until Element Is Visible" library="SeleniumLibrary">
<arg>${Error_Message_Login}</arg>
<doc>Waits until the element ``locator`` is visible.</doc>
<status status="PASS" starttime="20230505 09:22:41.394" endtime="20230505 09:22:43.885"/>
</kw>
<status status="PASS" starttime="20230505 09:22:41.392" endtime="20230505 09:22:43.886"/>
</kw>
<kw name="verify error message is correct">
<kw name="Get Text" library="SeleniumLibrary">
<var>${result}</var>
<arg>${Error_Message_Login}</arg>
<doc>Returns the text value of the element identified by ``locator``.</doc>
<msg timestamp="20230505 09:22:43.922" level="INFO">${result} = Incorrect username/password.</msg>
<status status="PASS" starttime="20230505 09:22:43.887" endtime="20230505 09:22:43.922"/>
</kw>
<kw name="Should Be Equal As Strings" library="BuiltIn">
<arg>${result}</arg>
<arg>Incorrect username/password.</arg>
<doc>Fails if objects are unequal after converting them to strings.</doc>
<status status="PASS" starttime="20230505 09:22:43.923" endtime="20230505 09:22:43.924"/>
</kw>
<kw name="Element Text Should Be" library="SeleniumLibrary">
<arg>${Error_Message_Login}</arg>
<arg>Incorrect username/password.</arg>
<doc>Verifies that element ``locator`` contains exact the text ``expected``.</doc>
<msg timestamp="20230505 09:22:43.926" level="INFO">Verifying element 'css:.alert-danger' contains exact text 'Incorrect username/password.'.</msg>
<status status="PASS" starttime="20230505 09:22:43.924" endtime="20230505 09:22:43.946"/>
</kw>
<status status="PASS" starttime="20230505 09:22:43.886" endtime="20230505 09:22:43.947"/>
</kw>
<status status="PASS" starttime="20230505 09:22:30.720" endtime="20230505 09:22:43.948"/>
</kw>
<kw name="Close Browser" library="SeleniumLibrary" type="TEARDOWN">
<doc>Closes the current browser.</doc>
<status status="PASS" starttime="20230505 09:22:43.948" endtime="20230505 09:22:44.130"/>
</kw>
<status status="PASS" starttime="20230505 09:22:30.717" endtime="20230505 09:22:44.131"/>
</test>
<test id="s1-s1-t2" name="Invalid password" line="15">
<kw name="Validate UnSuccesful Login">
<arg>rahulshetty</arg>
<arg>ploudfg</arg>
<kw name="open the browser with the Mortgage payment url">
<kw name="Create Webdriver" library="SeleniumLibrary">
<arg>Chrome</arg>
<arg>executable_path=/Users/rahulshetty/Documents/chromedriver</arg>
<doc>Creates an instance of Selenium WebDriver.</doc>
<msg timestamp="20230505 09:22:44.137" level="INFO">Creating an instance of the Chrome WebDriver.</msg>
<status status="PASS" starttime="20230505 09:22:44.136" endtime="20230505 09:22:47.601"/>
</kw>
<kw name="Go To" library="SeleniumLibrary">
<arg>https://rahulshettyacademy.com/loginpagePractise/</arg>
<doc>Navigates the current browser window to the provided ``url``.</doc>
<msg timestamp="20230505 09:22:47.603" level="INFO">Opening url 'https://rahulshettyacademy.com/loginpagePractise/'</msg>
<status status="PASS" starttime="20230505 09:22:47.602" endtime="20230505 09:22:48.992"/>
</kw>
<status status="PASS" starttime="20230505 09:22:44.135" endtime="20230505 09:22:48.992"/>
</kw>
<kw name="Fill the login Form">
<arg>${username}</arg>
<arg>${password}</arg>
<kw name="Input Text" library="SeleniumLibrary">
<arg>id:username</arg>
<arg>${username}</arg>
<doc>Types the given ``text`` into the text field identified by ``locator``.</doc>
<msg timestamp="20230505 09:22:48.997" level="INFO">Typing text 'rahulshetty' into text field 'id:username'.</msg>
<status status="PASS" starttime="20230505 09:22:48.996" endtime="20230505 09:22:49.429"/>
</kw>
<kw name="Input Password" library="SeleniumLibrary">
<arg>id:password</arg>
<arg>${password}</arg>
<doc>Types the given password into the text field identified by ``locator``.</doc>
<msg timestamp="20230505 09:22:49.431" level="INFO">Typing password into text field 'id:password'.</msg>
<msg timestamp="20230505 09:22:49.540" level="INFO">Temporally setting log level to: NONE</msg>
<msg timestamp="20230505 09:22:49.673" level="INFO">Log level changed from NONE to INFO.</msg>
<status status="PASS" starttime="20230505 09:22:49.429" endtime="20230505 09:22:49.674"/>
</kw>
<kw name="Click Button" library="SeleniumLibrary">
<arg>signInBtn</arg>
<doc>Clicks the button identified by ``locator``.</doc>
<msg timestamp="20230505 09:22:49.676" level="INFO">Clicking button 'signInBtn'.</msg>
<status status="PASS" starttime="20230505 09:22:49.675" endtime="20230505 09:22:50.102"/>
</kw>
<status status="PASS" starttime="20230505 09:22:48.994" endtime="20230505 09:22:50.103"/>
</kw>
<kw name="wait until it checks and display error message">
<kw name="Wait Until Element Is Visible" library="SeleniumLibrary">
<arg>${Error_Message_Login}</arg>
<doc>Waits until the element ``locator`` is visible.</doc>
<status status="PASS" starttime="20230505 09:22:50.104" endtime="20230505 09:22:52.211"/>
</kw>
<status status="PASS" starttime="20230505 09:22:50.103" endtime="20230505 09:22:52.211"/>
</kw>
<kw name="verify error message is correct">
<kw name="Get Text" library="SeleniumLibrary">
<var>${result}</var>
<arg>${Error_Message_Login}</arg>
<doc>Returns the text value of the element identified by ``locator``.</doc>
<msg timestamp="20230505 09:22:52.282" level="INFO">${result} = Incorrect username/password.</msg>
<status status="PASS" starttime="20230505 09:22:52.215" endtime="20230505 09:22:52.283"/>
</kw>
<kw name="Should Be Equal As Strings" library="BuiltIn">
<arg>${result}</arg>
<arg>Incorrect username/password.</arg>
<doc>Fails if objects are unequal after converting them to strings.</doc>
<status status="PASS" starttime="20230505 09:22:52.284" endtime="20230505 09:22:52.286"/>
</kw>
<kw name="Element Text Should Be" library="SeleniumLibrary">
<arg>${Error_Message_Login}</arg>
<arg>Incorrect username/password.</arg>
<doc>Verifies that element ``locator`` contains exact the text ``expected``.</doc>
<msg timestamp="20230505 09:22:52.289" level="INFO">Verifying element 'css:.alert-danger' contains exact text 'Incorrect username/password.'.</msg>
<status status="PASS" starttime="20230505 09:22:52.287" endtime="20230505 09:22:52.328"/>
</kw>
<status status="PASS" starttime="20230505 09:22:52.212" endtime="20230505 09:22:52.329"/>
</kw>
<status status="PASS" starttime="20230505 09:22:44.134" endtime="20230505 09:22:52.330"/>
</kw>
<kw name="Close Browser" library="SeleniumLibrary" type="TEARDOWN">
<doc>Closes the current browser.</doc>
<status status="PASS" starttime="20230505 09:22:52.331" endtime="20230505 09:22:52.547"/>
</kw>
<status status="PASS" starttime="20230505 09:22:44.132" endtime="20230505 09:22:52.548"/>
</test>
<test id="s1-s1-t3" name="special characters" line="16">
<kw name="Validate UnSuccesful Login">
<arg>@#$</arg>
<arg>learning</arg>
<kw name="open the browser with the Mortgage payment url">
<kw name="Create Webdriver" library="SeleniumLibrary">
<arg>Chrome</arg>
<arg>executable_path=/Users/rahulshetty/Documents/chromedriver</arg>
<doc>Creates an instance of Selenium WebDriver.</doc>
<msg timestamp="20230505 09:22:52.558" level="INFO">Creating an instance of the Chrome WebDriver.</msg>
<status status="PASS" starttime="20230505 09:22:52.557" endtime="20230505 09:22:55.982"/>
</kw>
<kw name="Go To" library="SeleniumLibrary">
<arg>https://rahulshettyacademy.com/loginpagePractise/</arg>
<doc>Navigates the current browser window to the provided ``url``.</doc>
<msg timestamp="20230505 09:22:55.984" level="INFO">Opening url 'https://rahulshettyacademy.com/loginpagePractise/'</msg>
<status status="PASS" starttime="20230505 09:22:55.983" endtime="20230505 09:22:57.067"/>
</kw>
<status status="PASS" starttime="20230505 09:22:52.554" endtime="20230505 09:22:57.068"/>
</kw>
<kw name="Fill the login Form">
<arg>${username}</arg>
<arg>${password}</arg>
<kw name="Input Text" library="SeleniumLibrary">
<arg>id:username</arg>
<arg>${username}</arg>
<doc>Types the given ``text`` into the text field identified by ``locator``.</doc>
<msg timestamp="20230505 09:22:57.071" level="INFO">Typing text '@#$' into text field 'id:username'.</msg>
<status status="PASS" starttime="20230505 09:22:57.070" endtime="20230505 09:22:57.827"/>
</kw>
<kw name="Input Password" library="SeleniumLibrary">
<arg>id:password</arg>
<arg>${password}</arg>
<doc>Types the given password into the text field identified by ``locator``.</doc>
<msg timestamp="20230505 09:22:57.829" level="INFO">Typing password into text field 'id:password'.</msg>
<msg timestamp="20230505 09:22:57.995" level="INFO">Temporally setting log level to: NONE</msg>
<msg timestamp="20230505 09:22:58.150" level="INFO">Log level changed from NONE to INFO.</msg>
<status status="PASS" starttime="20230505 09:22:57.828" endtime="20230505 09:22:58.151"/>
</kw>
<kw name="Click Button" library="SeleniumLibrary">
<arg>signInBtn</arg>
<doc>Clicks the button identified by ``locator``.</doc>
<msg timestamp="20230505 09:22:58.153" level="INFO">Clicking button 'signInBtn'.</msg>
<status status="PASS" starttime="20230505 09:22:58.151" endtime="20230505 09:22:58.696"/>
</kw>
<status status="PASS" starttime="20230505 09:22:57.068" endtime="20230505 09:22:58.697"/>
</kw>
<kw name="wait until it checks and display error message">
<kw name="Wait Until Element Is Visible" library="SeleniumLibrary">
<arg>${Error_Message_Login}</arg>
<doc>Waits until the element ``locator`` is visible.</doc>
<status status="PASS" starttime="20230505 09:22:58.699" endtime="20230505 09:23:00.893"/>
</kw>
<status status="PASS" starttime="20230505 09:22:58.697" endtime="20230505 09:23:00.893"/>
</kw>
<kw name="verify error message is correct">
<kw name="Get Text" library="SeleniumLibrary">
<var>${result}</var>
<arg>${Error_Message_Login}</arg>
<doc>Returns the text value of the element identified by ``locator``.</doc>
<msg timestamp="20230505 09:23:00.928" level="INFO">${result} = Incorrect username/password.</msg>
<status status="PASS" starttime="20230505 09:23:00.894" endtime="20230505 09:23:00.928"/>
</kw>
<kw name="Should Be Equal As Strings" library="BuiltIn">
<arg>${result}</arg>
<arg>Incorrect username/password.</arg>
<doc>Fails if objects are unequal after converting them to strings.</doc>
<status status="PASS" starttime="20230505 09:23:00.929" endtime="20230505 09:23:00.930"/>
</kw>
<kw name="Element Text Should Be" library="SeleniumLibrary">
<arg>${Error_Message_Login}</arg>
<arg>Incorrect username/password.</arg>
<doc>Verifies that element ``locator`` contains exact the text ``expected``.</doc>
<msg timestamp="20230505 09:23:00.932" level="INFO">Verifying element 'css:.alert-danger' contains exact text 'Incorrect username/password.'.</msg>
<status status="PASS" starttime="20230505 09:23:00.930" endtime="20230505 09:23:00.953"/>
</kw>
<status status="PASS" starttime="20230505 09:23:00.894" endtime="20230505 09:23:00.953"/>
</kw>
<status status="PASS" starttime="20230505 09:22:52.553" endtime="20230505 09:23:00.954"/>
</kw>
<kw name="Close Browser" library="SeleniumLibrary" type="TEARDOWN">
<doc>Closes the current browser.</doc>
<status status="PASS" starttime="20230505 09:23:00.955" endtime="20230505 09:23:01.268"/>
</kw>
<status status="PASS" starttime="20230505 09:22:52.551" endtime="20230505 09:23:01.268"/>
</test>
<doc>To validate the Login form</doc>
<status status="PASS" starttime="20230505 09:22:30.132" endtime="20230505 09:23:01.270"/>
</suite>
<status status="PASS" starttime="20230505 09:22:30.088" endtime="20230505 09:23:01.273"/>
</suite>
<statistics>
<total>
<stat pass="3" fail="0" skip="0">All Tests</stat>
</total>
<tag>
</tag>
<suite>
<stat pass="3" fail="0" skip="0" id="s1" name="Tests">Tests</stat>
<stat pass="3" fail="0" skip="0" id="s1-s1" name="testDemo4">Tests.testDemo4</stat>
</suite>
</statistics>
<errors>
</errors>
</robot>
