<?xml version="1.0" encoding="UTF-8"?>
<robot generator="Robot 6.0.2 (Python 3.10.0 on darwin)" generated="20230505 09:23:02.711" rpa="false" schemaversion="3">
<suite id="s1" name="Tests" source="/Users/chandrashekharsingh/Documents/RobotFramework_workSpace/RobotFramework/tests">
<suite id="s1-s1" name="testDemo7" source="/Users/chandrashekharsingh/Documents/RobotFramework_workSpace/RobotFramework/tests/testDemo7.robot">
<test id="s1-s1-t1" name="Play around with Dictinoary" line="11">
<kw name="Create Dictionary" library="BuiltIn">
<var>&amp;{data}</var>
<arg>name=rahulshetty</arg>
<arg>course=robot</arg>
<arg>website=rahulshettyacademy.com</arg>
<doc>Creates and returns a dictionary based on the given ``items``.</doc>
<msg timestamp="20230505 09:23:03.349" level="INFO">&amp;{data} = { name=rahulshetty | course=robot | website=rahulshettyacademy.com }</msg>
<status status="PASS" starttime="20230505 09:23:03.347" endtime="20230505 09:23:03.349"/>
</kw>
<kw name="Log" library="BuiltIn">
<arg>${data}</arg>
<doc>Logs the given message with the given level.</doc>
<msg timestamp="20230505 09:23:03.355" level="INFO">{'name': 'rahulshetty', 'course': 'robot', 'website': 'rahulshettyacademy.com'}</msg>
<status status="PASS" starttime="20230505 09:23:03.350" endtime="20230505 09:23:03.356"/>
</kw>
<kw name="Dictionary Should Contain Key" library="Collections">
<arg>${data}</arg>
<arg>name</arg>
<doc>Fails if ``key`` is not found from ``dictionary``.</doc>
<status status="PASS" starttime="20230505 09:23:03.356" endtime="20230505 09:23:03.362"/>
</kw>
<kw name="Log" library="BuiltIn">
<arg>${data}[name]</arg>
<doc>Logs the given message with the given level.</doc>
<msg timestamp="20230505 09:23:03.376" level="INFO">rahulshetty</msg>
<status status="PASS" starttime="20230505 09:23:03.375" endtime="20230505 09:23:03.377"/>
</kw>
<kw name="Get From Dictionary" library="Collections">
<var>${url}</var>
<arg>${data}</arg>
<arg>website</arg>
<doc>Returns a value from the given ``dictionary`` based on the given ``key``.</doc>
<msg timestamp="20230505 09:23:03.380" level="INFO">${url} = rahulshettyacademy.com</msg>
<status status="PASS" starttime="20230505 09:23:03.379" endtime="20230505 09:23:03.380"/>
</kw>
<kw name="Log" library="BuiltIn">
<arg>${url}</arg>
<doc>Logs the given message with the given level.</doc>
<msg timestamp="20230505 09:23:03.381" level="INFO">rahulshettyacademy.com</msg>
<status status="PASS" starttime="20230505 09:23:03.380" endtime="20230505 09:23:03.381"/>
</kw>
<tag>API</tag>
<status status="PASS" starttime="20230505 09:23:03.345" endtime="20230505 09:23:03.382"/>
</test>
<test id="s1-s1-t2" name="Add Book into Library DataBase" line="21">
<kw name="Create Dictionary" library="BuiltIn">
<var>&amp;{req_body}</var>
<arg>name=${book_name}</arg>
<arg>isbn=947303</arg>
<arg>aisle=324534</arg>
<arg>author=rahulshetty</arg>
<doc>Creates and returns a dictionary based on the given ``items``.</doc>
<msg timestamp="20230505 09:23:03.388" level="INFO">&amp;{req_body} = { name=RobotFramework | isbn=947303 | aisle=324534 | author=rahulshetty }</msg>
<status status="PASS" starttime="20230505 09:23:03.384" endtime="20230505 09:23:03.388"/>
</kw>
<kw name="POST" library="RequestsLibrary">
<var>${response}</var>
<arg>${base_url}/Library/Addbook.php</arg>
<arg>json=${req_body}</arg>
<arg>expected_status=200</arg>
<doc>Sends a POST request.</doc>
<msg timestamp="20230505 09:23:03.713" level="INFO">POST Request : url=https://rahulshettyacademy.com/Library/Addbook.php 
 path_url=/Library/Addbook.php 
 headers={'User-Agent': 'python-requests/2.28.2', 'Accept-Encoding': 'gzip, deflate', 'Accept': '*/*', 'Connection': 'keep-alive', 'Content-Length': '88', 'Content-Type': 'application/json'} 
 body=b'{"name": "RobotFramework", "isbn": "947303", "aisle": "324534", "author": "rahulshetty"}' 
 </msg>
<msg timestamp="20230505 09:23:03.714" level="INFO">POST Response : url=https://rahulshettyacademy.com/Library/Addbook.php 
 status=200, reason=OK 
 headers={'Date': 'Fri, 05 May 2023 03:52:55 GMT', 'Server': 'Apache/2.4.41 (Ubuntu)', 'Access-Control-Allow-Origin': '*', 'Access-Control-Allow-Methods': 'POST', 'Access-Control-Max-Age': '3600', 'Access-Control-Allow-Headers': 'Content-Type, Access-Control-Allow-Headers, Authorization, X-Requested-With', 'Content-Length': '48', 'Keep-Alive': 'timeout=5, max=100', 'Connection': 'Keep-Alive', 'Content-Type': 'application/json;charset=UTF-8'} 
 body={"Msg":"successfully added","ID":"947303324534"} 
 </msg>
<msg timestamp="20230505 09:23:03.714" level="INFO">${response} = &lt;Response [200]&gt;</msg>
<status status="PASS" starttime="20230505 09:23:03.389" endtime="20230505 09:23:03.714"/>
</kw>
<kw name="Log" library="BuiltIn">
<arg>${response.json()}</arg>
<doc>Logs the given message with the given level.</doc>
<msg timestamp="20230505 09:23:03.716" level="INFO">{'Msg': 'successfully added', 'ID': '947303324534'}</msg>
<status status="PASS" starttime="20230505 09:23:03.715" endtime="20230505 09:23:03.716"/>
</kw>
<kw name="Dictionary Should Contain Key" library="Collections">
<arg>${response.json()}</arg>
<arg>ID</arg>
<doc>Fails if ``key`` is not found from ``dictionary``.</doc>
<status status="PASS" starttime="20230505 09:23:03.717" endtime="20230505 09:23:03.723"/>
</kw>
<kw name="Get From Dictionary" library="Collections">
<var>${book_id}</var>
<arg>${response.json()}</arg>
<arg>ID</arg>
<doc>Returns a value from the given ``dictionary`` based on the given ``key``.</doc>
<msg timestamp="20230505 09:23:03.745" level="INFO">${book_id} = 947303324534</msg>
<status status="PASS" starttime="20230505 09:23:03.742" endtime="20230505 09:23:03.745"/>
</kw>
<kw name="Set Global Variable" library="BuiltIn">
<arg>${book_id}</arg>
<doc>Makes a variable available globally in all tests and suites.</doc>
<msg timestamp="20230505 09:23:03.746" level="INFO">${book_id} = 947303324534</msg>
<status status="PASS" starttime="20230505 09:23:03.745" endtime="20230505 09:23:03.747"/>
</kw>
<kw name="Log" library="BuiltIn">
<arg>${book_id}</arg>
<doc>Logs the given message with the given level.</doc>
<msg timestamp="20230505 09:23:03.748" level="INFO">947303324534</msg>
<status status="PASS" starttime="20230505 09:23:03.747" endtime="20230505 09:23:03.748"/>
</kw>
<kw name="Should Be Equal As Strings" library="BuiltIn">
<arg>successfully added</arg>
<arg>${response.json()}[Msg]</arg>
<doc>Fails if objects are unequal after converting them to strings.</doc>
<status status="PASS" starttime="20230505 09:23:03.749" endtime="20230505 09:23:03.757"/>
</kw>
<kw name="Status Should Be" library="RequestsLibrary">
<arg>200</arg>
<arg>${response}</arg>
<doc>Fails if response status code is different than the expected.</doc>
<status status="PASS" starttime="20230505 09:23:03.758" endtime="20230505 09:23:03.759"/>
</kw>
<tag>API</tag>
<status status="PASS" starttime="20230505 09:23:03.383" endtime="20230505 09:23:03.759"/>
</test>
<test id="s1-s1-t3" name="Get the Book Details which got added" line="33">
<kw name="GET" library="RequestsLibrary">
<var>${get_response}</var>
<arg>${base_url}/Library/GetBook.php</arg>
<arg>params=ID=${book_id}</arg>
<arg>expected_status=200</arg>
<doc>Sends a GET request.</doc>
<msg timestamp="20230505 09:23:03.908" level="INFO">GET Request : url=https://rahulshettyacademy.com/Library/GetBook.php?ID=947303324534 
 path_url=/Library/GetBook.php?ID=947303324534 
 headers={'User-Agent': 'python-requests/2.28.2', 'Accept-Encoding': 'gzip, deflate', 'Accept': '*/*', 'Connection': 'keep-alive'} 
 body=None 
 </msg>
<msg timestamp="20230505 09:23:03.908" level="INFO">GET Response : url=https://rahulshettyacademy.com/Library/GetBook.php?ID=947303324534 
 status=200, reason=OK 
 headers={'Date': 'Fri, 05 May 2023 03:52:55 GMT', 'Server': 'Apache/2.4.41 (Ubuntu)', 'Access-Control-Allow-Origin': '*', 'Access-Control-Allow-Methods': 'POST', 'Access-Control-Max-Age': '3600', 'Access-Control-Allow-Headers': 'Content-Type, Access-Control-Allow-Headers, Authorization, X-Requested-With', 'Content-Length': '88', 'Keep-Alive': 'timeout=5, max=100', 'Connection': 'Keep-Alive', 'Content-Type': 'application/json;charset=UTF-8'} 
 body=[{"book_name":"RobotFramework","isbn":"947303","aisle":"324534","author":"rahulshetty"}] 
 </msg>
<msg timestamp="20230505 09:23:03.909" level="INFO">${get_response} = &lt;Response [200]&gt;</msg>
<status status="PASS" starttime="20230505 09:23:03.761" endtime="20230505 09:23:03.909"/>
</kw>
<kw name="Log" library="BuiltIn">
<arg>${get_response.json()}</arg>
<doc>Logs the given message with the given level.</doc>
<msg timestamp="20230505 09:23:03.912" level="INFO">[{'book_name': 'RobotFramework', 'isbn': '947303', 'aisle': '324534', 'author': 'rahulshetty'}]</msg>
<status status="PASS" starttime="20230505 09:23:03.910" endtime="20230505 09:23:03.912"/>
</kw>
<kw name="Should Be Equal As Strings" library="BuiltIn">
<arg>${book_name}</arg>
<arg>${get_response.json()}[0][book_name]</arg>
<doc>Fails if objects are unequal after converting them to strings.</doc>
<status status="PASS" starttime="20230505 09:23:03.913" endtime="20230505 09:23:03.915"/>
</kw>
<tag>API</tag>
<status status="PASS" starttime="20230505 09:23:03.760" endtime="20230505 09:23:03.915"/>
</test>
<test id="s1-s1-t4" name="Delete the Book from database" line="40">
<kw name="Create Dictionary" library="BuiltIn">
<var>&amp;{delete_req}</var>
<arg>ID=${book_id}</arg>
<doc>Creates and returns a dictionary based on the given ``items``.</doc>
<msg timestamp="20230505 09:23:03.918" level="INFO">&amp;{delete_req} = { ID=947303324534 }</msg>
<status status="PASS" starttime="20230505 09:23:03.917" endtime="20230505 09:23:03.918"/>
</kw>
<kw name="POST" library="RequestsLibrary">
<var>${delete_resp}</var>
<arg>${base_url}/Library/DeleteBook.php</arg>
<arg>json=${delete_req}</arg>
<arg>expected_status=200</arg>
<doc>Sends a POST request.</doc>
<msg timestamp="20230505 09:23:04.058" level="INFO">POST Request : url=https://rahulshettyacademy.com/Library/DeleteBook.php 
 path_url=/Library/DeleteBook.php 
 headers={'User-Agent': 'python-requests/2.28.2', 'Accept-Encoding': 'gzip, deflate', 'Accept': '*/*', 'Connection': 'keep-alive', 'Content-Length': '22', 'Content-Type': 'application/json'} 
 body=b'{"ID": "947303324534"}' 
 </msg>
<msg timestamp="20230505 09:23:04.059" level="INFO">POST Response : url=https://rahulshettyacademy.com/Library/DeleteBook.php 
 status=200, reason=OK 
 headers={'Date': 'Fri, 05 May 2023 03:52:55 GMT', 'Server': 'Apache/2.4.41 (Ubuntu)', 'Access-Control-Allow-Origin': '*', 'Access-Control-Allow-Methods': 'POST', 'Access-Control-Max-Age': '3600', 'Access-Control-Allow-Headers': 'Content-Type, Access-Control-Allow-Headers, Authorization, X-Requested-With', 'Content-Length': '38', 'Keep-Alive': 'timeout=5, max=100', 'Connection': 'Keep-Alive', 'Content-Type': 'application/json;charset=UTF-8'} 
 body={"msg":"book is successfully deleted"} 
 </msg>
<msg timestamp="20230505 09:23:04.059" level="INFO">${delete_resp} = &lt;Response [200]&gt;</msg>
<status status="PASS" starttime="20230505 09:23:03.918" endtime="20230505 09:23:04.059"/>
</kw>
<kw name="Log" library="BuiltIn">
<arg>${delete_resp.json()}</arg>
<doc>Logs the given message with the given level.</doc>
<msg timestamp="20230505 09:23:04.061" level="INFO">{'msg': 'book is successfully deleted'}</msg>
<status status="PASS" starttime="20230505 09:23:04.060" endtime="20230505 09:23:04.061"/>
</kw>
<kw name="Should Be Equal As Strings" library="BuiltIn">
<arg>book is successfully deleted</arg>
<arg>${delete_resp.json()}[msg]</arg>
<doc>Fails if objects are unequal after converting them to strings.</doc>
<status status="PASS" starttime="20230505 09:23:04.061" endtime="20230505 09:23:04.062"/>
</kw>
<tag>API</tag>
<status status="PASS" starttime="20230505 09:23:03.916" endtime="20230505 09:23:04.062"/>
</test>
<status status="PASS" starttime="20230505 09:23:02.940" endtime="20230505 09:23:04.063"/>
</suite>
<status status="PASS" starttime="20230505 09:23:02.729" endtime="20230505 09:23:04.064"/>
</suite>
<statistics>
<total>
<stat pass="4" fail="0" skip="0">All Tests</stat>
</total>
<tag>
<stat pass="4" fail="0" skip="0">API</stat>
</tag>
<suite>
<stat pass="4" fail="0" skip="0" id="s1" name="Tests">Tests</stat>
<stat pass="4" fail="0" skip="0" id="s1-s1" name="testDemo7">Tests.testDemo7</stat>
</suite>
</statistics>
<errors>
</errors>
</robot>
